C51 COMPILER V9.60.7.0   TASK_11                                                           09/20/2024 14:13:33 PAGE 1   


C51 COMPILER V9.60.7.0, COMPILATION OF MODULE TASK_11
OBJECT MODULE PLACED IN .\Objects\task_11.obj
COMPILER INVOKED BY: C:\Keil_v5\C51\BIN\C51.EXE task_11.c OPTIMIZE(8,SPEED) BROWSE DEBUG OBJECTEXTEND PRINT(.\Listings\t
                    -ask_11.lst) TABS(2) OBJECT(.\Objects\task_11.obj)

line level    source

   1          #include <reg52.h>
   2          
   3          sbit k1_btn = P3^0;
   4          sbit LED = P2^0;
   5          
   6          //#################################///////////
   7          unsigned char k1_btn_state = 0;       ///////
   8          unsigned char k1_press_cntr = 0;     ///////
   9          unsigned char k1_release_cntr = 0;  ///////
  10          //#################################///////
  11          
  12          
  13          void timer0_isr() interrupt 1 {
  14   1         TH0 = 0x4C;
  15   1         TL0 = 0x00;
  16   1      
  17   1         if (k1_btn_state == 0) {
  18   2             if (k1_btn == 0) {
  19   3                 k1_press_cntr++;
  20   3                 if (k1_press_cntr == 10) {
  21   4                     LED = ~LED;
  22   4                     k1_btn_state = 1;
  23   4                     }
  24   3             }
  25   2             
  26   2             else {
  27   3                 k1_press_cntr = 0;
  28   3             }
  29   2         }
  30   1         
  31   1         
  32   1         else {
  33   2             if (k1_btn == 1) {
  34   3                 k1_release_cntr++;
  35   3                 if (k1_release_cntr == 10) {
  36   4                     k1_btn_state = 0;
  37   4                 }
  38   3             } else {
  39   3                 k1_release_cntr = 0;
  40   3             }
  41   2         }
  42   1         
  43   1         
  44   1      }
  45          
  46          void main() {
  47   1         TMOD = 0x01;
  48   1         TH0 = 0x4C;
  49   1         TL0 = 0x00;
  50   1         TR0 = 1;
  51   1         ET0 = 1;
  52   1         EA = 1;
  53   1      
  54   1         while (1) {
C51 COMPILER V9.60.7.0   TASK_11                                                           09/20/2024 14:13:33 PAGE 2   

  55   2             // Other tasks can be performed here
  56   2         }
  57   1      }


MODULE INFORMATION:   STATIC OVERLAYABLE
   CODE SIZE        =     77    ----
   CONSTANT SIZE    =   ----    ----
   XDATA SIZE       =   ----    ----
   PDATA SIZE       =   ----    ----
   DATA SIZE        =      3    ----
   IDATA SIZE       =   ----    ----
   BIT SIZE         =   ----    ----
END OF MODULE INFORMATION.


C51 COMPILATION COMPLETE.  0 WARNING(S),  0 ERROR(S)
