C51 COMPILER V9.60.7.0   TASK_09                                                           09/20/2024 12:24:02 PAGE 1   


C51 COMPILER V9.60.7.0, COMPILATION OF MODULE TASK_09
OBJECT MODULE PLACED IN .\Objects\task_09.obj
COMPILER INVOKED BY: C:\Keil_v5\C51\BIN\C51.EXE task_09.c OPTIMIZE(8,SPEED) BROWSE DEBUG OBJECTEXTEND PRINT(.\Listings\t
                    -ask_09.lst) TABS(2) OBJECT(.\Objects\task_09.obj)

line level    source

   1          
   2          #include <reg52.h>
   3          sbit led = P2^0;   // defining a bit(led)
   4          unsigned int x;    // declaring a variable
   5          
   6          void timer0_isr() interrupt 1 {
   7   1        x++;
   8   1        if(x==160){
   9   2          led = ~led;
  10   2          x=0;
  11   2        }
  12   1      }
  13                     
  14          void main() {
  15   1        EA = 1;    // Global Enable (Enable All)
  16   1        ET0 = 1;   // enable Interrupt timer 0
  17   1        TMOD = 0x02; // timer_0 , mode_2 -> (8-bit_auto_reload timer)
  18   1        TH0 = 0xC6;  // define a value
  19   1        TR0 = 1;   // Start timer_0
  20   1      
  21   1          while (1) {
  22   2              // Your main code here (if any)
  23   2          }
  24   1      }
  25          
  26          
  27          
  28          
  29          
  30          
  31          
  32          
  33          
  34          
  35          
  36          
  37          
  38          
  39          //////////#include <reg52.h>
  40          
  41          //////////sbit led_1 = P2^0;
  42          
  43          //////////void Timer_0() interrupt 1 {
  44          //////////  unsigned char x,y;
  45          //////////  
  46          //////////  for (x=0;x<41;x++)
  47          //////////    for (y=0;y<36;y++);
  48          //////////  
  49          //////////  led_1 = ~led_1;      // Toggle LED
  50          //////////}
  51          
  52          //////////void main() {
  53          //////////  IE = 0x82;           // Enable Timer 0 interrupt
  54          //////////  TMOD = 0x02;         // Set Timer 0 mode to 8-bit auto reload
C51 COMPILER V9.60.7.0   TASK_09                                                           09/20/2024 12:24:02 PAGE 2   

  55          //////////  TH0 = -27;           // Set initial value for Timer 0 high byte
  56          //////////  TR0=1;
  57          //////////}


MODULE INFORMATION:   STATIC OVERLAYABLE
   CODE SIZE        =     39    ----
   CONSTANT SIZE    =   ----    ----
   XDATA SIZE       =   ----    ----
   PDATA SIZE       =   ----    ----
   DATA SIZE        =      2    ----
   IDATA SIZE       =   ----    ----
   BIT SIZE         =   ----    ----
END OF MODULE INFORMATION.


C51 COMPILATION COMPLETE.  0 WARNING(S),  0 ERROR(S)
