C51 COMPILER V9.60.7.0   TASK_01_B                                                         09/20/2024 11:06:25 PAGE 1   


C51 COMPILER V9.60.7.0, COMPILATION OF MODULE TASK_01_B
OBJECT MODULE PLACED IN .\Objects\task_01_b.obj
COMPILER INVOKED BY: C:\Keil_v5\C51\BIN\C51.EXE task_01_b.c OPTIMIZE(8,SPEED) BROWSE DEBUG OBJECTEXTEND PRINT(.\Listings
                    -\task_01_b.lst) TABS(2) OBJECT(.\Objects\task_01_b.obj)

line level    source

   1          
   2          #include <reg52.h>
   3          
   4          #define LED_PORT P2
   5          
   6          void msdelay(signed int);
   7          
   8          void main(void) {
   9   1          while(1) 
  10   1            {
  11   2              LED_PORT = 0xFF;
  12   2              msdelay(505);
  13   2              LED_PORT = LED_PORT & 0xFE;
  14   2              msdelay(505);
  15   2            }
  16   1      }
  17          
  18          void msdelay(signed int X) {
  19   1          unsigned int i, j;
  20   1          for (i = 0; i < X; i++)
  21   1              for (j = 0; j < 113; j++);  // Adjust this value for your specific delay requirement
  22   1      }
  23          


MODULE INFORMATION:   STATIC OVERLAYABLE
   CODE SIZE        =     54    ----
   CONSTANT SIZE    =   ----    ----
   XDATA SIZE       =   ----    ----
   PDATA SIZE       =   ----    ----
   DATA SIZE        =   ----    ----
   IDATA SIZE       =   ----    ----
   BIT SIZE         =   ----    ----
END OF MODULE INFORMATION.


C51 COMPILATION COMPLETE.  0 WARNING(S),  0 ERROR(S)
