C51 COMPILER V9.60.7.0   MAIN                                                              09/20/2024 16:38:58 PAGE 1   


C51 COMPILER V9.60.7.0, COMPILATION OF MODULE MAIN
OBJECT MODULE PLACED IN .\Objects\main.obj
COMPILER INVOKED BY: C:\Keil_v5\C51\BIN\C51.EXE main.c OPTIMIZE(8,SPEED) BROWSE DEBUG OBJECTEXTEND PRINT(.\Listings\main
                    -.lst) TABS(2) OBJECT(.\Objects\main.obj)

line level    source

   1          #include <stdio.h>
   2          #include <reg51.h>
   3          #include "LCD.h"  //including the header file(LCD.h)
   4          
   5          
   6          int main() {
   7   1          text = 0x00; 
   8   1          lcd_init();  
   9   1          
  10   1          lcd_data('Z');
  11   1          delay();     
  12   1      
  13   1          lcd_data('U');
  14   1          delay();  
  15   1      
  16   1          lcd_data('L');
  17   1          delay();
  18   1      
  19   1          lcd_data('Q');
  20   1          delay();      
  21   1      
  22   1          lcd_data('A');
  23   1          delay();
  24   1      
  25   1          lcd_data('R');
  26   1          delay();    
  27   1         
  28   1          lcd_data('N');
  29   1          delay();       
  30   1      
  31   1          lcd_data('A');
  32   1          delay();      
  33   1      
  34   1          lcd_data('I');
  35   1          delay();      
  36   1          
  37   1          lcd_data('N');
  38   1          delay();      
  39   1      
  40   1          return 0;        
  41   1      }


MODULE INFORMATION:   STATIC OVERLAYABLE
   CODE SIZE        =     90    ----
   CONSTANT SIZE    =   ----    ----
   XDATA SIZE       =   ----    ----
   PDATA SIZE       =   ----    ----
   DATA SIZE        =   ----    ----
   IDATA SIZE       =   ----    ----
   BIT SIZE         =   ----    ----
END OF MODULE INFORMATION.


C51 COMPILATION COMPLETE.  0 WARNING(S),  0 ERROR(S)
