C51 COMPILER V9.60.7.0   TASK_14_4_DRIVER                                                  05/25/2024 12:35:52 PAGE 1   


C51 COMPILER V9.60.7.0, COMPILATION OF MODULE TASK_14_4_DRIVER
OBJECT MODULE PLACED IN .\Objects\task_14_4_driver.obj
COMPILER INVOKED BY: C:\Keil_v5\C51\BIN\C51.EXE task_14_4_driver.c OPTIMIZE(8,SPEED) BROWSE DEBUG OBJECTEXTEND PRINT(.\L
                    -istings\task_14_4_driver.lst) TABS(2) OBJECT(.\Objects\task_14_4_driver.obj)

line level    source

   1          #include "lcd.h"
*** WARNING C318 IN LINE 1 OF task_14_4_driver.c: can't open file 'lcd.h'
   2          
   3          // Delay function for LCD timing
   4          void lcd_delay() {
   5   1          unsigned int delay;
   6   1          for (delay = 0; delay <= 6000; delay++); // Simple delay loop
   7   1      }
   8          
   9          // Function to send a command to the LCD
  10          void lcd_cmd(unsigned char cmd) {
  11   1          lcd_data = cmd; // Place command on data port
*** ERROR C202 IN LINE 11 OF task_14_4_driver.c: 'lcd_data': undefined identifier
  12   1          rs = 0;         // Select command register (RS=0)
*** ERROR C202 IN LINE 12 OF task_14_4_driver.c: 'rs': undefined identifier
  13   1          rw = 0;         // Select write operation (RW=0)
*** ERROR C202 IN LINE 13 OF task_14_4_driver.c: 'rw': undefined identifier
  14   1          en = 1;         // Generate enable pulse
*** ERROR C202 IN LINE 14 OF task_14_4_driver.c: 'en': undefined identifier
  15   1          lcd_delay();    // Wait for the command to be processed
  16   1          en = 0;         // End enable pulse
*** ERROR C202 IN LINE 16 OF task_14_4_driver.c: 'en': undefined identifier
  17   1      }
  18          
  19          // Function to send data to the LCD
  20          void lcd_data(unsigned char data) {
*** ERROR C141 IN LINE 20 OF task_14_4_driver.c: syntax error near ')', expected '<id>'
  21   1          lcd_data = data; // Place data on data port
*** ERROR C141 IN LINE 21 OF task_14_4_driver.c: syntax error near 'data', expected 'sizeof'
  22   1          rs = 1;          // Select data register (RS=1)
*** ERROR C202 IN LINE 22 OF task_14_4_driver.c: 'rs': undefined identifier
  23   1          rw = 0;          // Select write operation (RW=0)
*** ERROR C202 IN LINE 23 OF task_14_4_driver.c: 'rw': undefined identifier
  24   1          en = 1;          // Generate enable pulse
*** ERROR C202 IN LINE 24 OF task_14_4_driver.c: 'en': undefined identifier
  25   1          lcd_delay();     // Wait for the data to be processed
  26   1          en = 0;          // End enable pulse
*** ERROR C202 IN LINE 26 OF task_14_4_driver.c: 'en': undefined identifier
  27   1      }
  28          
  29          // Function to initialize the LCD
  30          void lcd_init() {
  31   1          lcd_cmd(0x38); // Initialize the LCD in 8-bit mode, 2 lines, 5x7 matrix
  32   1          lcd_cmd(0x0C); // Display ON, cursor OFF
  33   1          lcd_cmd(0x06); // Entry mode, auto increment with no shift
  34   1          lcd_cmd(0x01); // Clear display screen
  35   1          lcd_cmd(0x80); // Set cursor position to the beginning of the first line
  36   1      }
  37          
  38          // Function to set the cursor position
  39          void lcd_set_cursor(unsigned char row, unsigned char col) {
  40   1          unsigned char pos;
  41   1          if (row == 0)
  42   1              pos = 0x80 + col; // Set cursor position for the first line
C51 COMPILER V9.60.7.0   TASK_14_4_DRIVER                                                  05/25/2024 12:35:52 PAGE 2   

  43   1          else if (row == 1)
  44   1              pos = 0xC0 + col; // Set cursor position for the second line
  45   1          lcd_cmd(pos); // Send command to set the cursor position
  46   1      }
  47          
  48          // Function to write data at a specific position
  49          void lcd_write(unsigned char row, unsigned char col, unsigned char data) {
*** ERROR C141 IN LINE 49 OF task_14_4_driver.c: syntax error near ')', expected '<id>'
  50   1          lcd_set_cursor(row, col); // Set cursor to specified position
  51   1          lcd_data(data);           // Write data at that position
*** ERROR C141 IN LINE 51 OF task_14_4_driver.c: syntax error near 'data', expected 'sizeof'
  52   1      }
  53          
  54          // Function to clear the display
  55          void lcd_clear() {
  56   1          lcd_cmd(0x01); // Clear display screen
  57   1          lcd_delay();   // Wait for the command to be processed
  58   1      }

C51 COMPILATION COMPLETE.  1 WARNING(S),  13 ERROR(S)
