C51 COMPILER V9.60.7.0   DEMO_01                                                           03/15/2024 15:33:25 PAGE 1   


C51 COMPILER V9.60.7.0, COMPILATION OF MODULE DEMO_01
OBJECT MODULE PLACED IN .\Objects\demo_01.obj
COMPILER INVOKED BY: C:\Keil_v5\C51\BIN\C51.EXE demo_01.c OPTIMIZE(8,SPEED) BROWSE INCDIR(..\demo_project) DEBUG OBJECTE
                    -XTEND PRINT(.\Listings\demo_01.lst) TABS(2) OBJECT(.\Objects\demo_01.obj)

line level    source

   1          ////#include <reg52.h>
   2          
   3          ////void Delay100ms(void); //@24MHz
   4          
   5          ////void main(void)
   6          ////{
   7          ////    while(1)
   8          ////    {
   9          ////        P2 = ~0x00; // Set Port 2 to all ones (inverted 0x00), which should turn off the LEDs
  10          ////        Delay100ms(); // Delay
  11          ////        P2 = ~0xFF; // Set Port 2 to all zeros (inverted 0xFF), which should turn on the LEDs
  12          ////        Delay100ms(); // Delay
  13          ////    };
  14          ////}
  15          
  16          
  17          ////void Delay100ms(void) //@24MHz
  18          ////{
  19          ////    unsigned char i, j;
  20          
  21          ////    i = 195;
  22          ////    j = 138;
  23          ////    do
  24          ////    {
  25          ////        while (--j);
  26          ////    } while (--i);
  27          ////}
  28          
  29          
  30          
  31          
  32          
  33          
  34          
  35          ////// ---------------------------------------------------------------------------------------------------
             -------------
  36          
  37          ////#include <reg52.h>
  38          
  39          //////#define port_2 P2
  40          ////sbit d1=P2^0;  // `D1(pin)` is declared
  41          
  42          
  43          
  44          ////void main(void){
  45          ////  unsigned int x;
  46          ////  while(1)
  47          ////  {
  48          ////    d1 = 1;
  49          ////    for(x=0; x<50000; x++);
  50          ////    d1 = 0;
  51          //////    d1 = ~0x00;
  52          //////    for(x=0; x<500; x++);
  53          ////  }
C51 COMPILER V9.60.7.0   DEMO_01                                                           03/15/2024 15:33:25 PAGE 2   

  54          ////}
  55          
  56          
  57          
  58          
  59          
  60          //////void main(void){
  61          //////  unsigned int x;
  62          //////  while(1)
  63          //////  {
  64          //////    port_2 = ~0x01;
  65          //////    for(x=0; x<5000; x++);
  66          //////    port_2 = ~0x00;
  67          //////    for(x=0; x<5000; x++);
  68          //////  }
  69          //////}
  70          
  71          
  72          
  73          
  74          //////Toggle P1 forever
  75          ////#include <reg52.h>
  76          ////#define port_2 P2
  77          
  78          ////void main(void)
  79          ////{
  80          ////for (;;)
  81          ////{
  82          ////port_2=0xAA;
  83          ////port_2=0x55;
  84          ////}
  85          ////}
  86          
  87          
  88          ////#include <reg51.h>
  89          ////void MSDelay(unsigned int X);
  90          ////#define port1 P1
  91          ////#define port2 P2
  92          
  93          ////void main(void){
  94          ////unsigned char mybyte;
  95          ////P1=0x00; //make P1 input port
  96          ////while (1){
  97          ////mybyte=P1; //get a byte from P1
  98          ////MSDelay(500);
  99          ////P2=mybyte; //send it to P2
 100          ////}
 101          ////}
 102          
 103          //// 
 104          ////void MSDelay(unsigned int X){
 105          ////    unsigned char i, j;
 106          ////    for (i=0; i<X; i++)
 107          ////      for(j=0; j<125; j++);
 108          ////}
 109          
 110          
 111          
 112          
 113          
 114          
 115          //////Toggling an individual bit
C51 COMPILER V9.60.7.0   DEMO_01                                                           03/15/2024 15:33:25 PAGE 3   

 116          //// #include <reg51.h>
 117          //// sbit mybit=P2^4;
 118          //// 
 119          //// void MSDelay(unsigned int X);
 120          //// 
 121          //// void main(void)
 122          //// {
 123          //// while(1){
 124          ////    mybit=0;
 125          ////    MSDelay(200);
 126          ////    mybit=1;
 127          ////    MSDelay(200);
 128          ////}
 129          ////}
 130          //// 
 131          //// 
 132          //// void MSDelay(unsigned int X){
 133          ////    unsigned int i, j;
 134          ////    for (i=0; i<X; i++)
 135          ////      for(j=0; j<1275; j++);
 136          ////}
 137          
 138          
 139          


MODULE INFORMATION:   STATIC OVERLAYABLE
   CODE SIZE        =   ----    ----
   CONSTANT SIZE    =   ----    ----
   XDATA SIZE       =   ----    ----
   PDATA SIZE       =   ----    ----
   DATA SIZE        =   ----    ----
   IDATA SIZE       =   ----    ----
   BIT SIZE         =   ----    ----
END OF MODULE INFORMATION.


C51 COMPILATION COMPLETE.  0 WARNING(S),  0 ERROR(S)
