C51 COMPILER V9.60.7.0   TASK_14_06_MAIN                                                   05/27/2024 00:17:39 PAGE 1   


C51 COMPILER V9.60.7.0, COMPILATION OF MODULE TASK_14_06_MAIN
OBJECT MODULE PLACED IN .\Objects\task_14_06_main.obj
COMPILER INVOKED BY: C:\Keil_v5\C51\BIN\C51.EXE task_14_06_main.c OPTIMIZE(8,SPEED) BROWSE DEBUG OBJECTEXTEND PRINT(.\Li
                    -stings\task_14_06_main.lst) TABS(2) OBJECT(.\Objects\task_14_06_main.obj)

line level    source

   1          #include "LCD.h"
   2          
   3          int main() {
   4   1        
   5   1          while(1){
   6   2          lcd_init(); // Initialize the LCD
   7   2      
   8   2          // Display custom characters
   9   2          cmd(0x80); // Set cursor position to the beginning of the first line
  10   2          show("Battery: ");
  11   2          display_custom_char(0); // Display the battery symbol
  12   2          
  13   2          cmd(0xc0); // Set cursor position to the beginning of the second line
  14   2          show("Tick: ");
  15   2          display_custom_char(1); // Display the tick symbol
  16   2          show(" Cross: ");
  17   2          display_custom_char(2); // Display the cross symbol
  18   2          
  19   2      //    while(1); // Infinite loop to keep the microcontroller running
  20   2            
  21   2          return 0;
  22   2          }
  23   1      }


MODULE INFORMATION:   STATIC OVERLAYABLE
   CODE SIZE        =     59    ----
   CONSTANT SIZE    =     26    ----
   XDATA SIZE       =   ----    ----
   PDATA SIZE       =   ----    ----
   DATA SIZE        =   ----    ----
   IDATA SIZE       =   ----    ----
   BIT SIZE         =   ----    ----
END OF MODULE INFORMATION.


C51 COMPILATION COMPLETE.  0 WARNING(S),  0 ERROR(S)
