C51 COMPILER V9.60.7.0   TASK_12__H_                                                       04/30/2024 16:32:16 PAGE 1   


C51 COMPILER V9.60.7.0, COMPILATION OF MODULE TASK_12__H_
OBJECT MODULE PLACED IN .\Objects\task_12_(h).obj
COMPILER INVOKED BY: C:\Keil_v5\C51\BIN\C51.EXE task_12_(h).c OPTIMIZE(8,SPEED) BROWSE DEBUG OBJECTEXTEND PRINT(.\Listin
                    -gs\task_12_(h).lst) TABS(2) OBJECT(.\Objects\task_12_(h).obj)

line level    source

   1          #include <reg52.h>
   2          
   3          sbit p1 = P2^2;
   4          sbit p2 = P2^3;
   5          sbit p3 = P2^4;
   6          
   7          void my_func(int digit);
   8          void display_num_7seg(long num);
   9          
  10          void M0T0delay(void) {
  11   1          TMOD = 0x01;  // 16-bit non-autoreload mode, timer_0, mode_1
  12   1          TL0 = 0x99; 
  13   1          TH0 = 0xEF;
  14   1          TR0 = 1;
  15   1          while (TF0 == 0);
  16   1          TR0 = 0;
  17   1          TF0 = 0;
  18   1      }
  19          
  20          void main() {
  21   1          long num = 97561654;
  22   1          while (1) {
  23   2              display_num_7seg(num);
  24   2          }
  25   1      }
  26          
  27          void display_num_7seg(long num) {
  28   1          int i;
  29   1          for (i = 0; i < 8; i++) {
  30   2              p1 = i & 0x01;
  31   2              p2 = (i >> 1) & 0x01;
  32   2              p3 = (i >> 2) & 0x01;
  33   2              my_func(num % 10);
  34   2              M0T0delay();
  35   2              num /= 10;
  36   2          }
  37   1      }
  38          
  39          void my_func(int digit) {
  40   1          switch(digit) {
  41   2              case 0:
  42   2                  P0 = 0x3F;
  43   2                  break;
  44   2              case 1:
  45   2                  P0 = 0x06;
  46   2                  break;
  47   2              case 2:
  48   2                  P0 = 0x5B;
  49   2                  break;
  50   2              case 3:
  51   2                  P0 = 0x4F;
  52   2                  break;
  53   2              case 4:
  54   2                  P0 = 0x66;
C51 COMPILER V9.60.7.0   TASK_12__H_                                                       04/30/2024 16:32:16 PAGE 2   

  55   2                  break;
  56   2              case 5:
  57   2                  P0 = 0x6D;
  58   2                  break;
  59   2              case 6:
  60   2                  P0 = 0x7D;
  61   2                  break;
  62   2              case 7:
  63   2                  P0 = 0x07;
  64   2                  break;
  65   2              case 8:
  66   2                  P0 = 0x7F;
  67   2                  break;
  68   2              case 9:
  69   2                  P0 = 0x6F;
  70   2                  break;
  71   2          }
  72   1      }


MODULE INFORMATION:   STATIC OVERLAYABLE
   CODE SIZE        =    248    ----
   CONSTANT SIZE    =   ----    ----
   XDATA SIZE       =   ----    ----
   PDATA SIZE       =   ----    ----
   DATA SIZE        =   ----      10
   IDATA SIZE       =   ----    ----
   BIT SIZE         =   ----    ----
END OF MODULE INFORMATION.


C51 COMPILATION COMPLETE.  0 WARNING(S),  0 ERROR(S)
