C51 COMPILER V9.60.7.0   LCD                                                               09/23/2024 10:55:57 PAGE 1   


C51 COMPILER V9.60.7.0, COMPILATION OF MODULE LCD
OBJECT MODULE PLACED IN .\Objects\lcd.obj
COMPILER INVOKED BY: C:\Keil_v5\C51\BIN\C51.EXE lcd.c OPTIMIZE(8,SPEED) BROWSE DEBUG OBJECTEXTEND PRINT(.\Listings\lcd.l
                    -st) TABS(2) OBJECT(.\Objects\lcd.obj)

line level    source

   1          #include "lcd.h"
   2          
   3          // Delay function to create a short delay
   4          void lcd_delay() {
   5   1          unsigned int i;
   6   1          for (i = 0; i <= 30; i++);
   7   1      }
   8          
   9          // Function to send a command to the LCD
  10          void lcd_cmd(unsigned char cmd) {
  11   1          text = cmd;    // Put the command on the data port
  12   1          rs = 0;        // Select command register (RS=0)
  13   1          rw = 0;        // Select write operation (RW=0)
  14   1          en = 1;        // Generate a high-to-low pulse on the enable pin
  15   1          lcd_delay();   // Wait for the command to be processed
  16   1          en = 0;        // End the enable pulse
  17   1      }
  18          
  19          // Function to send data to the LCD
  20          void lcd_data(unsigned char dat) {
  21   1          text = dat;    // Put the data on the data port
  22   1          rs = 1;        // Select data register (RS=1)
  23   1          rw = 0;        // Select write operation (RW=0)
  24   1          en = 1;        // Generate a high-to-low pulse on the enable pin
  25   1          lcd_delay();   // Wait for the data to be processed
  26   1          en = 0;        // End the enable pulse
  27   1      }
  28          
  29          
  30          // Function to display a single character on the LCD
  31          void show_char(unsigned char c) {
  32   1          lcd_data(c);
  33   1      }
  34          
  35          // Function to initialize the LCD
  36          void lcd_init() {
  37   1          lcd_cmd(0x38); // Set LCD to 8-bit mode, 2 lines, 5x7 matrix
  38   1          lcd_delay();   // Wait for the command to be processed
  39   1          lcd_cmd(0x0C); // Display ON, cursor OFF
  40   1          lcd_delay();   // Wait for the command to be processed
  41   1          lcd_cmd(0x06); // Entry mode, auto increment with no shift
  42   1          lcd_delay();   // Wait for the command to be processed
  43   1          lcd_cmd(0x01); // Clear the display
  44   1          lcd_delay();   // Wait for the command to be processed
  45   1      }


MODULE INFORMATION:   STATIC OVERLAYABLE
   CODE SIZE        =     75    ----
   CONSTANT SIZE    =   ----    ----
   XDATA SIZE       =   ----    ----
   PDATA SIZE       =   ----    ----
   DATA SIZE        =   ----    ----
   IDATA SIZE       =   ----    ----
C51 COMPILER V9.60.7.0   LCD                                                               09/23/2024 10:55:57 PAGE 2   

   BIT SIZE         =   ----    ----
END OF MODULE INFORMATION.


C51 COMPILATION COMPLETE.  0 WARNING(S),  0 ERROR(S)
