C51 COMPILER V9.60.7.0   TASK_12__F_                                                       09/20/2024 15:00:09 PAGE 1   


C51 COMPILER V9.60.7.0, COMPILATION OF MODULE TASK_12__F_
OBJECT MODULE PLACED IN .\Objects\task_12_(f).obj
COMPILER INVOKED BY: C:\Keil_v5\C51\BIN\C51.EXE task_12_(f).c OPTIMIZE(8,SPEED) BROWSE DEBUG OBJECTEXTEND PRINT(.\Listin
                    -gs\task_12_(f).lst) TABS(2) OBJECT(.\Objects\task_12_(f).obj)

line level    source

   1          /*
   2          Task_12(Part_6):
   3          Write a lookup table to show numbers from 0-9 on the displays. 
   4          */
   5          
   6          #include <reg52.h>
   7          
   8          // declaring pins for 74HC138-decoder/demultiplexer IC (used for blinking specific `7-segment` display sep
             -erately)
   9          sbit pin1 = P2^2;
  10          sbit pin2 = P2^3;
  11          sbit pin3 = P2^4;
  12          
  13          #define Port_0 P0
  14          
  15          //sbit a = P0^0;
  16          //sbit b = P0^1;
  17          //sbit c = P0^2;
  18          //sbit d = P0^3;
  19          //sbit e = P0^4;
  20          //sbit f = P0^5;
  21          //sbit g = P0^6;
  22          //sbit h = P0^7;
  23          
  24          void M0T0delay(void){
  25   1        unsigned int x;
  26   1        for(x=0; x<10; x++){
  27   2          TMOD = 0x01;    // 16-bit non-autoreload mode, timer_0, mode_1
  28   2          TL0 = 0x00; 
  29   2          TH0 = 0x00;
  30   2          TR0 = 1;
  31   2          while(TF0==0);
  32   2          TR0 = 0;
  33   2          TF0 = 0;
  34   2        }
  35   1      }
  36          
  37          
  38          void main(){
  39   1        
  40   1        while(1){
  41   2          pin1 = 0;
  42   2          pin2 = 0;
  43   2          pin3 = 0;
  44   2          
  45   2          Port_0 = 0x3F;
  46   2          M0T0delay();
  47   2          
  48   2          Port_0 = 0x06;
  49   2          M0T0delay();
  50   2          
  51   2          Port_0 = 0x5B;
  52   2          M0T0delay();
  53   2          
C51 COMPILER V9.60.7.0   TASK_12__F_                                                       09/20/2024 15:00:09 PAGE 2   

  54   2          Port_0 = 0x4F;
  55   2          M0T0delay();
  56   2          
  57   2          Port_0 = 0x66;
  58   2          M0T0delay();
  59   2          
  60   2          Port_0 = 0x6D;
  61   2          M0T0delay();
  62   2          
  63   2          Port_0 = 0x7D;
  64   2          M0T0delay();
  65   2          
  66   2          Port_0 = 0x07;
  67   2          M0T0delay();
  68   2          
  69   2          Port_0 = 0x7F;
  70   2          M0T0delay();
  71   2          
  72   2          Port_0 = 0x6F;
  73   2          M0T0delay();
  74   2          
  75   2          Port_0 = 0x77;
  76   2          M0T0delay();
  77   2          
  78   2          Port_0 = 0x7C;
  79   2          M0T0delay();
  80   2          
  81   2          Port_0 = 0x39;
  82   2          M0T0delay();
  83   2          
  84   2          Port_0 = 0x5E;
  85   2          M0T0delay();
  86   2          
  87   2          Port_0 = 0x79;
  88   2          M0T0delay();
  89   2          
  90   2          Port_0 = 0x71;
  91   2          M0T0delay();
  92   2        }
  93   1      }


MODULE INFORMATION:   STATIC OVERLAYABLE
   CODE SIZE        =    136    ----
   CONSTANT SIZE    =   ----    ----
   XDATA SIZE       =   ----    ----
   PDATA SIZE       =   ----    ----
   DATA SIZE        =   ----    ----
   IDATA SIZE       =   ----    ----
   BIT SIZE         =   ----    ----
END OF MODULE INFORMATION.


C51 COMPILATION COMPLETE.  0 WARNING(S),  0 ERROR(S)
