C51 COMPILER V9.60.7.0   TASK_14_6                                                         09/23/2024 10:18:47 PAGE 1   


C51 COMPILER V9.60.7.0, COMPILATION OF MODULE TASK_14_6
OBJECT MODULE PLACED IN .\Objects\task_14_6.obj
COMPILER INVOKED BY: C:\Keil_v5\C51\BIN\C51.EXE task_14_6.c OPTIMIZE(8,SPEED) BROWSE DEBUG OBJECTEXTEND PRINT(.\Listings
                    -\task_14_6.lst) TABS(2) OBJECT(.\Objects\task_14_6.obj)

line level    source

   1          #include "LCD.h"
   2          
   3          void main()
   4          {
   5   1          lcd_init();
   6   1        show("CUSTOM CHARACTER");
   7   1          while(1) 
   8   1            {
   9   2             store();  
*** WARNING C206 IN LINE 9 OF task_14_6.c: 'store': missing function-prototype
  10   2          }
  11   1      }


MODULE INFORMATION:   STATIC OVERLAYABLE
   CODE SIZE        =     17    ----
   CONSTANT SIZE    =     17    ----
   XDATA SIZE       =   ----    ----
   PDATA SIZE       =   ----    ----
   DATA SIZE        =   ----    ----
   IDATA SIZE       =   ----    ----
   BIT SIZE         =   ----    ----
END OF MODULE INFORMATION.


C51 COMPILATION COMPLETE.  1 WARNING(S),  0 ERROR(S)
