C51 COMPILER V9.60.7.0   TASK_1                                                            03/07/2024 16:14:19 PAGE 1   


C51 COMPILER V9.60.7.0, COMPILATION OF MODULE TASK_1
OBJECT MODULE PLACED IN .\Objects\task_1.obj
COMPILER INVOKED BY: C:\Keil_v5\C51\BIN\C51.EXE task_1.c OPTIMIZE(8,SPEED) BROWSE DEBUG OBJECTEXTEND PRINT(.\Listings\ta
                    -sk_1.lst) TABS(2) OBJECT(.\Objects\task_1.obj)

line level    source

   1          #include <reg52.h>
   2          
   3          #define LED_PORT P2
   4          
   5          void msdelay(signed int);
   6          
   7          void main(void) {
   8   1          while(1) {
   9   2              LED_PORT = 0xFE; // Set all bits of LED_PORT to 1
  10   2              msdelay(505);    // Delay for 500 milliseconds
  11   2              LED_PORT = 0xFF;
  12   2      //        LED_PORT = LED_PORT & 0xEF; // Set the least significant bit of LED_PORT to 1
  13   2              msdelay(505);     // Delay for 500 milliseconds
  14   2          }
  15   1      }
  16          
  17          void msdelay(signed int X) {
  18   1          unsigned int i, j;
  19   1          for (i = 0; i < X; i++)
  20   1              for (j = 0; j < 113; j++);  // Adjust this value for your specific delay requirement
  21   1      }
  22          


MODULE INFORMATION:   STATIC OVERLAYABLE
   CODE SIZE        =     54    ----
   CONSTANT SIZE    =   ----    ----
   XDATA SIZE       =   ----    ----
   PDATA SIZE       =   ----    ----
   DATA SIZE        =   ----    ----
   IDATA SIZE       =   ----    ----
   BIT SIZE         =   ----    ----
END OF MODULE INFORMATION.


C51 COMPILATION COMPLETE.  0 WARNING(S),  0 ERROR(S)
