C51 COMPILER V9.60.7.0   MAIN                                                              09/23/2024 10:46:48 PAGE 1   


C51 COMPILER V9.60.7.0, COMPILATION OF MODULE MAIN
OBJECT MODULE PLACED IN .\Objects\main.obj
COMPILER INVOKED BY: C:\Keil_v5\C51\BIN\C51.EXE main.c OPTIMIZE(8,SPEED) BROWSE DEBUG OBJECTEXTEND PRINT(.\Listings\main
                    -.lst) TABS(2) OBJECT(.\Objects\main.obj)

line level    source

   1          #include <reg51.h>
   2          #include "task_3.h"
   3          
   4          // Function to initialize the UART
   5          void UART_Init() {
   6   1          TMOD = 0x20;  // Timer 1, Mode 2 (8-bit auto-reload)
   7   1          TH1 = 0xFD;   // Baud rate of 9600 for 11.0592 MHz clock
   8   1          SCON = 0x50;  // Mode 1, 8-bit UART, enable receiver
   9   1          TR1 = 1;      // Start Timer 1
  10   1      }
  11          
  12          // Function to receive data via UART
  13          unsigned char RX_data(void) {
  14   1          unsigned char a;
  15   1          while (RI == 0);  // Wait until reception is complete
  16   1          RI = 0;           // Clear the reception interrupt flag
  17   1          a = SBUF;         // Read received data
  18   1          return a;
  19   1      }
  20          
  21          
  22          void main() {
  23   1          unsigned char x;
  24   1          lcd_init();      // Initialize the LCD
  25   1          UART_Init();     // Initialize UART
  26   1          while (1) {
  27   2              x = RX_data();  // Receive data from UART
  28   2              if(x=='0')
  29   2                lcd_cmd(0xC0);  // Go to 2nd line
  30   2      //        else if(x=='1')
  31   2      //          lcd_cmd(0x01);  // Clear the LCD
  32   2              else
  33   2                show_char(x);   // Display the received character on the LCD
  34   2              
  35   2              lcd_delay();    // Delay for better visualization
  36   2            
  37   2          }
  38   1      }
  39          


MODULE INFORMATION:   STATIC OVERLAYABLE
   CODE SIZE        =     53    ----
   CONSTANT SIZE    =   ----    ----
   XDATA SIZE       =   ----    ----
   PDATA SIZE       =   ----    ----
   DATA SIZE        =   ----       1
   IDATA SIZE       =   ----    ----
   BIT SIZE         =   ----    ----
END OF MODULE INFORMATION.


C51 COMPILATION COMPLETE.  0 WARNING(S),  0 ERROR(S)
