C51 COMPILER V9.60.7.0   LCD                                                               09/20/2024 15:22:21 PAGE 1   


C51 COMPILER V9.60.7.0, COMPILATION OF MODULE LCD
OBJECT MODULE PLACED IN .\Objects\LCD.obj
COMPILER INVOKED BY: C:\Keil_v5\C51\BIN\C51.EXE LCD.c OPTIMIZE(8,SPEED) BROWSE DEBUG OBJECTEXTEND PRINT(.\Listings\LCD.l
                    -st) TABS(2) OBJECT(.\Objects\LCD.obj)

line level    source

   1          #include "LCD.h"
   2          #include <reg51.h>
   3          
   4          
   5          
   6          void turn_on_led() {
   7   1          P2 |= 0x01;  // Set P2.0 to turn on the LED
   8   1      }
   9          
  10          
  11          
  12          void turn_off_led() {
  13   1          P2 &= ~0x01; // Clear P2.0 to turn off the LED
  14   1      }
  15          
  16          
  17          
  18          void delay() {
  19   1        
  20   1          unsigned int x, y;
  21   1        
  22   1          for(x = 0; x < 500; x++){
  23   2              for(y = 0; y < 133; y++){
  24   3                  // Empty loop for delay
  25   3              }
  26   2          }
  27   1          
  28   1      }


MODULE INFORMATION:   STATIC OVERLAYABLE
   CODE SIZE        =     37    ----
   CONSTANT SIZE    =   ----    ----
   XDATA SIZE       =   ----    ----
   PDATA SIZE       =   ----    ----
   DATA SIZE        =   ----    ----
   IDATA SIZE       =   ----    ----
   BIT SIZE         =   ----    ----
END OF MODULE INFORMATION.


C51 COMPILATION COMPLETE.  0 WARNING(S),  0 ERROR(S)
