C51 COMPILER V9.60.7.0   TASK_13_01                                                        09/20/2024 15:22:21 PAGE 1   


C51 COMPILER V9.60.7.0, COMPILATION OF MODULE TASK_13_01
OBJECT MODULE PLACED IN .\Objects\task_13_01.obj
COMPILER INVOKED BY: C:\Keil_v5\C51\BIN\C51.EXE task_13_01.c OPTIMIZE(8,SPEED) BROWSE DEBUG OBJECTEXTEND PRINT(.\Listing
                    -s\task_13_01.lst) TABS(2) OBJECT(.\Objects\task_13_01.obj)

line level    source

   1          #include "LCD.h"
   2          #include <stdio.h>
   3          
   4          int main(){
   5   1      
   6   1        while(1){ 
   7   2          turn_on_led(); // Turn on the LED 
   8   2          delay();
   9   2          
  10   2          turn_off_led(); // Turn off the LED
  11   2          delay();    
  12   2        }
  13   1        
  14   1      }


MODULE INFORMATION:   STATIC OVERLAYABLE
   CODE SIZE        =     14    ----
   CONSTANT SIZE    =   ----    ----
   XDATA SIZE       =   ----    ----
   PDATA SIZE       =   ----    ----
   DATA SIZE        =   ----    ----
   IDATA SIZE       =   ----    ----
   BIT SIZE         =   ----    ----
END OF MODULE INFORMATION.


C51 COMPILATION COMPLETE.  0 WARNING(S),  0 ERROR(S)
