C51 COMPILER V9.60.7.0   TASK_12_8_APPRO_04                                                05/02/2024 15:00:05 PAGE 1   


C51 COMPILER V9.60.7.0, COMPILATION OF MODULE TASK_12_8_APPRO_04
OBJECT MODULE PLACED IN .\Objects\task_12_8_appro_04.obj
COMPILER INVOKED BY: C:\Keil_v5\C51\BIN\C51.EXE task_12_8_appro_04.c OPTIMIZE(8,SPEED) BROWSE DEBUG OBJECTEXTEND PRINT(.
                    -\Listings\task_12_8_appro_04.lst) TABS(2) OBJECT(.\Objects\task_12_8_appro_04.obj)

line level    source

   1          #include <stdio.h>
   2          #include <reg51.h>
   3          
   4          sbit p1 = P2^2;  
   5          sbit p2 = P2^3;
   6          sbit p3 = P2^4;
   7          
   8          void T0M1Delay(void);
   9          
  10          unsigned long num = 34343435;
  11          //unsigned long num = 97561654;
  12          
  13          void display_num_7seg(unsigned long num, int i)
  14            {
  15   1          
  16   1            int num_array[8];            
  17   1            int j = 7;
  18   1      
  19   1            // Extract digits and store them in the array
  20   1            while (num > 0) 
  21   1              {
  22   2                  num_array[j] = num % 10;
  23   2                  num = num / 10;
  24   2                  j--;
  25   2              }
  26   1          
  27   1          
  28   1            
  29   1              if(num_array[i]==0)
  30   1                P0 = 0x3F;
  31   1              
  32   1              else if(num_array[i]==1)
  33   1                P0 = 0x06;
  34   1                  
  35   1              else if(num_array[i]==2)
  36   1                P0 = 0x5B;
  37   1              
  38   1              else if(num_array[i]==3)
  39   1                P0 = 0x4F;
  40   1              
  41   1              else if(num_array[i]==4)
  42   1                P0 = 0x66;
  43   1              
  44   1              else if(num_array[i]==5)
  45   1                P0 = 0x6D;
  46   1              
  47   1              else if(num_array[i]==6)
  48   1                P0 = 0x7D;
  49   1              
  50   1              else if(num_array[i]==7)
  51   1                P0 = 0x07;
  52   1              
  53   1              else if(num_array[i]==8)
  54   1                P0 = 0x7F;
C51 COMPILER V9.60.7.0   TASK_12_8_APPRO_04                                                05/02/2024 15:00:05 PAGE 2   

  55   1              
  56   1              else if(num_array[i]==9)
  57   1                P0 = 0x6F;
  58   1      
  59   1        }
  60          
  61            
  62          void main(void)
  63            {
  64   1          p1=1; p2=1; p3=1;
  65   1          display_num_7seg(num, 0);
  66   1          T0M1Delay();
  67   1          
  68   1          p1=0; p2=1; p3=1;
  69   1          display_num_7seg(num, 1);
  70   1          T0M1Delay();
  71   1          
  72   1          p1=1; p2=0; p3=1;
  73   1          display_num_7seg(num, 2);
  74   1          T0M1Delay();
  75   1          
  76   1          p1=0; p2=0; p3=1;
  77   1          display_num_7seg(num, 3);
  78   1          T0M1Delay();
  79   1          
  80   1          p1=1; p2=1; p3=0;
  81   1          display_num_7seg(num, 4);
  82   1          T0M1Delay();
  83   1          
  84   1          p1=0; p2=1; p3=0;
  85   1          display_num_7seg(num, 5);
  86   1          T0M1Delay();
  87   1          
  88   1          p1=1; p2=0; p3=0;
  89   1          display_num_7seg(num, 6);
  90   1          T0M1Delay();
  91   1      
  92   1          p1=0; p2=0; p3=0;
  93   1          display_num_7seg(num, 7);
  94   1          T0M1Delay();
  95   1        }
  96            
  97          
  98          
  99          void T0M1Delay(void)
 100            {
 101   1          unsigned int  x;
 102   1          for(x=0;x<20;x++)
 103   1            {
 104   2              TMOD=0x01;
 105   2              TL0=0xFD;
 106   2              TH0=0x4B;
 107   2              TR0=1;
 108   2              while (TF0==0);
 109   2              TR0=0;
 110   2              TF0=0;
 111   2            }
 112   1      }


MODULE INFORMATION:   STATIC OVERLAYABLE
   CODE SIZE        =    450    ----
C51 COMPILER V9.60.7.0   TASK_12_8_APPRO_04                                                05/02/2024 15:00:05 PAGE 3   

   CONSTANT SIZE    =   ----    ----
   XDATA SIZE       =   ----    ----
   PDATA SIZE       =   ----    ----
   DATA SIZE        =      4      24
   IDATA SIZE       =   ----    ----
   BIT SIZE         =   ----    ----
END OF MODULE INFORMATION.


C51 COMPILATION COMPLETE.  0 WARNING(S),  0 ERROR(S)
