C51 COMPILER V9.60.7.0   TASK_12__E_                                                       09/20/2024 14:55:17 PAGE 1   


C51 COMPILER V9.60.7.0, COMPILATION OF MODULE TASK_12__E_
OBJECT MODULE PLACED IN .\Objects\Task_12_(e).obj
COMPILER INVOKED BY: C:\Keil_v5\C51\BIN\C51.EXE Task_12_(e).c OPTIMIZE(8,SPEED) BROWSE DEBUG OBJECTEXTEND PRINT(.\Listin
                    -gs\Task_12_(e).lst) TABS(2) OBJECT(.\Objects\Task_12_(e).obj)

line level    source

   1          /*
   2          Task# 12(Part_5):
   3          Decrease the timer interrupt time so that the refresh rate of the displays becomes 50 Hz. 
   4          Please note that each display gets its turn to refresh after 8 timer interrupts so the refresh 
   5          rate you calculate has to be divided by 8. Show your calculations for a refresh rate of 50 Hz. 
   6          */
   7          
   8          
   9          
  10          
  11          ////  /* _Method_01(displaying each seven_segment_display using timer-interrupt with a delay of 10ms)_ */
  12          ////  #include <reg52.h>
  13          
  14          ////  //#define LED P0
  15          ////  //sbit led1 = P2^0;
  16          
  17          
  18          ////  // declaring pins for 74HC138-decoder/demultiplexer IC (used for blinking specific `7-segment` displa
             -y seperately)
  19          ////  sbit pin1 = P2^2;
  20          ////  sbit pin2 = P2^3;
  21          ////  sbit pin3 = P2^4;
  22          ////  unsigned int x = 0;
  23          
  24          
  25          ////  void timer0(void) interrupt 1{
  26          ////      x++;
  27          ////      
  28          ////    // Timer configuration for 10ms delay..
  29          ////    // The delay in each seven segment display is 10ms(two consecutive display will turns ON after 10ms)
  30          ////      TMOD = 0x01; // 16-bit non-auto reload mode
  31          ////      TL0=0xFF;
  32          ////      TH0=0xDC;
  33          ////    
  34          ////      // display__0
  35          ////      if (x==1){
  36          ////      pin1 = 0;
  37          ////      pin2 = 0;
  38          ////      pin3 = 0;
  39          ////  //    LED = 0xFF;
  40          ////  //    led1 = ~led1;
  41          ////      }
  42          ////        
  43          ////      if (x==2){
  44          ////      //  display__1
  45          ////      pin1 = 1;
  46          ////      pin2 = 0;
  47          ////      pin3 = 0;
  48          ////  //    LED = 0xFF;
  49          ////      }
  50          ////      
  51          ////      if (x==3){
  52          ////      //  display__2
  53          ////      pin1 = 0;
C51 COMPILER V9.60.7.0   TASK_12__E_                                                       09/20/2024 14:55:17 PAGE 2   

  54          ////      pin2 = 1;
  55          ////      pin3 = 0;
  56          ////  //    LED = 0xFF;
  57          ////      }
  58          ////      
  59          ////      if (x==4){
  60          ////      //  display__3
  61          ////      pin1 = 1;
  62          ////      pin2 = 1;
  63          ////      pin3 = 0;
  64          ////  //    LED = 0xFF;
  65          ////      }
  66          ////      
  67          ////      if (x==5){
  68          ////      //  display__4
  69          ////      pin1 = 0;
  70          ////      pin2 = 0;
  71          ////      pin3 = 1;
  72          ////  //    LED = 0xFF;
  73          ////      }
  74          ////      
  75          ////      if (x==6){
  76          ////      //  display__5
  77          ////      pin1 = 1;
  78          ////      pin2 = 0;
  79          ////      pin3 = 1;
  80          ////  //    LED = 0xFF;
  81          ////      }
  82          ////      
  83          ////      if (x==7){
  84          ////      //  display__6
  85          ////      pin1 = 0;
  86          ////      pin2 = 1;
  87          ////      pin3 = 1;
  88          ////  //    LED = 0xFF;
  89          ////      }
  90          ////      
  91          ////      if (x==8){
  92          ////      //  display__7
  93          ////      pin1 = 1;
  94          ////      pin2 = 1;
  95          ////      pin3 = 1;
  96          ////  //    LED = 0xFF;
  97          ////      x=0;
  98          ////      }
  99          ////  }
 100          
 101          
 102          
 103          ////  void main(){
 104          ////     TMOD = 0x01; // 16-bit non-auto reload mode
 105          ////     TL0=0xFF;
 106          ////     TH0=0xDC;
 107          ////     IE = 0x82;
 108          ////     TR0=1;
 109          ////    
 110          ////    while (1){
 111          ////    // ..
 112          ////    }
 113          ////  }
 114          
 115          ////   
C51 COMPILER V9.60.7.0   TASK_12__E_                                                       09/20/2024 14:55:17 PAGE 3   

 116          
 117          
 118          
 119          
 120          
 121          // -------------------------------------------------------------------------------------------------------
             --------------------------------------------------------------------------------------------------
 122          
 123          #include <reg52.h>
 124          
 125          //#define LED P0
 126          //sbit led1 = P2^0;
 127          
 128          
 129          // declaring pins for 74HC138-decoder/demultiplexer IC (used for blinking specific `7-segment` display sep
             -erately)
 130          sbit pin1 = P2^2;
 131          sbit pin2 = P2^3;
 132          sbit pin3 = P2^4;
 133          unsigned int x = 0;
 134          
 135          sbit led0 = P2^0;
 136          
 137          void timer0(void) interrupt 1{
 138   1          x++;
 139   1      
 140   1          TMOD=0x01; // 16-bit non-auto reload mode
 141   1          TL0=0xFF;
 142   1          TH0=0xDC;
 143   1        
 144   1          // display__0
 145   1          if (x==1){
 146   2          pin1 = 0;
 147   2          pin2 = 0;
 148   2          pin3 = 0;
 149   2            
 150   2          led0 = ~led0;
 151   2            
 152   2      //    LED = 0xFF;
 153   2      //    led1 = ~led1;
 154   2          }
 155   1            
 156   1          if (x==2){
 157   2          //  display__1
 158   2          pin1 = 1;
 159   2          pin2 = 0;
 160   2          pin3 = 0;
 161   2          }
 162   1          
 163   1          if (x==3){
 164   2          //  display__2
 165   2          pin1 = 0;
 166   2          pin2 = 1;
 167   2          pin3 = 0;
 168   2          }
 169   1          
 170   1          if (x==4){
 171   2          //  display__3
 172   2          pin1 = 1;
 173   2          pin2 = 1;
 174   2          pin3 = 0;
 175   2          }
C51 COMPILER V9.60.7.0   TASK_12__E_                                                       09/20/2024 14:55:17 PAGE 4   

 176   1          
 177   1          if (x==5){
 178   2          //  display__4
 179   2          pin1 = 0;
 180   2          pin2 = 0;
 181   2          pin3 = 1;
 182   2          }
 183   1          
 184   1          if (x==6){
 185   2          //  display__5
 186   2          pin1 = 1;
 187   2          pin2 = 0;
 188   2          pin3 = 1;
 189   2          }
 190   1          
 191   1          if (x==7){
 192   2          //  display__6
 193   2          pin1 = 0;
 194   2          pin2 = 1;
 195   2          pin3 = 1;
 196   2          }
 197   1          
 198   1          if (x==8){
 199   2          //  display__7
 200   2          pin1 = 1;
 201   2          pin2 = 1;
 202   2          pin3 = 1;
 203   2          x=0;
 204   2          }
 205   1      }
 206          
 207          
 208          
 209          void main(){
 210   1         TMOD=0x01; // 16-bit non-auto reload mode
 211   1         TL0=0xFF;
 212   1         TH0=0xDC;
 213   1         IE =0x82;
 214   1         TR0 = 1;
 215   1        
 216   1        while (1){
 217   2        // ..
 218   2        }
 219   1      }
 220          
 221             


MODULE INFORMATION:   STATIC OVERLAYABLE
   CODE SIZE        =    156    ----
   CONSTANT SIZE    =   ----    ----
   XDATA SIZE       =   ----    ----
   PDATA SIZE       =   ----    ----
   DATA SIZE        =      2    ----
   IDATA SIZE       =   ----    ----
   BIT SIZE         =   ----    ----
END OF MODULE INFORMATION.


C51 COMPILATION COMPLETE.  0 WARNING(S),  0 ERROR(S)
