C51 COMPILER V9.60.7.0   TASK_06                                                           09/20/2024 12:02:40 PAGE 1   


C51 COMPILER V9.60.7.0, COMPILATION OF MODULE TASK_06
OBJECT MODULE PLACED IN .\Objects\task_06.obj
COMPILER INVOKED BY: C:\Keil_v5\C51\BIN\C51.EXE task_06.c OPTIMIZE(8,SPEED) BROWSE DEBUG OBJECTEXTEND PRINT(.\Listings\t
                    -ask_06.lst) TABS(2) OBJECT(.\Objects\task_06.obj)

line level    source

   1          //#include <reg52.h>
   2          //sbit led = P2^0;
   3          ////void ext_intrpt_0();
   4          //void msdelay(unsigned int);
   5          
   6          
   7          
   8          //void main (){
   9          //  IE = 0x81;
  10          //}
  11          
  12          //void ext_intrpt_0() interrupt 0{
  13          //  msdelay(50);
  14          //  led = ~led;
  15          //  msdelay(300);
  16          //}
  17          
  18          //void msdelay(unsigned int delay) {
  19          //    unsigned int i, j;
  20          //    for(i = 0; i < delay; i++)
  21          //        for(j = 0; j < 115; j++);
  22          //}
  23          
  24          
  25          // *******************************************************************************************************
             -***************
  26          
  27          //#include <reg52.h>
  28          //sbit led = P2^0;
  29          //void ext_intrpt_0();
  30          
  31          //void main (){
  32          //  IE = 0x81;
  33          //  while(1){
  34          //  
  35          //  }
  36          //}
  37          
  38          //void ext_intrpt_0() interrupt 0{
  39          //  led = ~led;
  40          //}
  41          
  42          
  43          
  44          
  45          
  46          // / *****************************************************************************************************
             -*****************
  47          
  48          
  49          
  50          
  51          #include <reg51.h>
  52          sbit led=P2^0;
C51 COMPILER V9.60.7.0   TASK_06                                                           09/20/2024 12:02:40 PAGE 2   

  53          
  54          void MSDelay(unsigned int);
  55          
  56          
  57          void external_int0() interrupt 0
  58          {
  59   1        led=~led;
  60   1        MSDelay(250);
  61   1        
  62   1      }
  63          
  64          void main()
  65          {
  66   1        IE=0x81;
  67   1      
  68   1      }
  69          
  70          
  71          void MSDelay(unsigned int itime) {
  72   1          unsigned int i, j;
  73   1          for(i = 0; i < itime; i++)
  74   1              for(j = 0; j<114; j++);
  75   1      }
  76          


MODULE INFORMATION:   STATIC OVERLAYABLE
   CODE SIZE        =    101    ----
   CONSTANT SIZE    =   ----    ----
   XDATA SIZE       =   ----    ----
   PDATA SIZE       =   ----    ----
   DATA SIZE        =   ----    ----
   IDATA SIZE       =   ----    ----
   BIT SIZE         =   ----    ----
END OF MODULE INFORMATION.


C51 COMPILATION COMPLETE.  0 WARNING(S),  0 ERROR(S)
