C51 COMPILER V9.60.7.0   TASK_08                                                           09/20/2024 12:12:08 PAGE 1   


C51 COMPILER V9.60.7.0, COMPILATION OF MODULE TASK_08
OBJECT MODULE PLACED IN .\Objects\task_08.obj
COMPILER INVOKED BY: C:\Keil_v5\C51\BIN\C51.EXE task_08.c OPTIMIZE(8,SPEED) BROWSE DEBUG OBJECTEXTEND PRINT(.\Listings\t
                    -ask_08.lst) TABS(2) OBJECT(.\Objects\task_08.obj)

line level    source

   1          /*
   2          Task 8 : LED control using buttons (external interrupts);
   3          
   4          Interface buttons K1 to K4 such that buttons K1-K4 turn ON/OFF LEDs D1-D4 
   5          using interrupts when available and polling if interrupt is not available. 
   6          K1 should control D1, K2 should control D2 and so on. Use debouncing as well. 
   7          */
   8          
   9          
  10          #include <reg52.h>
  11          // button's
  12          sbit btn0 = P3^1;
  13          sbit btn1 = P3^0;
  14          //sbit btn2 = P3^2;   // interrupt
  15          //sbit btn3 = P3^3;   // interrupt
  16          
  17          // led's
  18          sbit led_0 = P2^0;
  19          sbit led_1 = P2^1;
  20          sbit led_2 = P2^2;
  21          sbit led_3 = P2^3;
  22          
  23          void MSDelay(unsigned int);
  24          
  25          void main(){
  26   1        IE = 0x85;
  27   1        
  28   1        while(1){
  29   2          
  30   2          // Check if button 0 is pressed
  31   2          if(btn0 == 0){
  32   3            // Toggle LED 0 state
  33   3            led_0 = ~led_0;
  34   3            // Wait until button 0 is released before proceeding
  35   3            while(btn0 == 0); // check continuously whether the button is pressed or not, it means to keep the stat
             -e of the toggled LED
  36   3            // Introduce a delay for debouncing
  37   3            MSDelay(250);
  38   3          }
  39   2          
  40   2          if(btn1 == 0){
  41   3            led_1 = ~led_1;
  42   3            while(btn1 == 0);
  43   3            MSDelay(250);
  44   3          }
  45   2      }
  46   1      }
  47          
  48          void external_int0() interrupt 0
  49          {
  50   1        led_2=~led_2;
  51   1        MSDelay(250);
  52   1      }
  53          
C51 COMPILER V9.60.7.0   TASK_08                                                           09/20/2024 12:12:08 PAGE 2   

  54          void external_int1() interrupt 2
  55          {
  56   1        led_3=~led_3;
  57   1        MSDelay(250);
  58   1      }
  59          
  60          void MSDelay(unsigned int itime) {
  61   1          unsigned int i, j;
  62   1          for(i = 0; i < itime; i++)
  63   1              for(j = 0; j<114; j++);
  64   1      }


MODULE INFORMATION:   STATIC OVERLAYABLE
   CODE SIZE        =    185    ----
   CONSTANT SIZE    =   ----    ----
   XDATA SIZE       =   ----    ----
   PDATA SIZE       =   ----    ----
   DATA SIZE        =   ----    ----
   IDATA SIZE       =   ----    ----
   BIT SIZE         =   ----    ----
END OF MODULE INFORMATION.


C51 COMPILATION COMPLETE.  0 WARNING(S),  0 ERROR(S)
