[2024-03-04 10:23:35] : Begin
--------------------
*MCUTYPE* : STC89C52RC/LE52RC
*FILENAME* : C:\Users\lenovo\Desktop\TASK_01\Objects\TASK_01.hex
*FILETIME* : 2024年03月04日, 10:23:12
*FILESIZE* : 307 (0x000133)
*CODESIZE* : 2140 (0x00085C)
*CHECKSUM* : 0x00082A78
*ISPMODE* : 2
*ISPRESULT* : 3
--------------------
[2024-03-04 10:24:13] : End
--------------------------------------------------
[2024-03-04 10:26:50] : Begin
--------------------
*MCUTYPE* : STC89C52RC/LE52RC
*FILENAME* : C:\Users\lenovo\Desktop\TASK_01\Objects\TASK_01.hex
*FILETIME* : 2024年03月04日, 10:23:12
*FILESIZE* : 307 (0x000133)
*CODESIZE* : 2140 (0x00085C)
*CHECKSUM* : 0x00082A78
*ISPMODE* : 2
*ISPRESULT* : 3
--------------------
[2024-03-04 10:27:02] : End
--------------------------------------------------
[2024-03-04 10:27:59] : Begin
--------------------
*MCUTYPE* : STC89C52RC/LE52RC
*MCUID* : F002C62E09CF84
*FILENAME* : C:\Users\lenovo\Desktop\TASK_01\Objects\TASK_01.hex
*FILETIME* : 2024年03月04日, 10:23:12
*FILESIZE* : 307 (0x000133)
*CODESIZE* : 2140 (0x00085C)
*CHECKSUM* : 0x00082A78
*ISPMODE* : 2
*ISPRESULT* : 0
--------------------
[2024-03-04 10:28:04] : End
--------------------------------------------------
[2024-03-04 10:30:13] : Begin
--------------------
*MCUTYPE* : STC89C52RC/LE52RC
*MCUID* : F002C62E09CF84
*FILENAME* : C:\Users\lenovo\Desktop\TASK_01\Objects\TASK_01.hex
*FILETIME* : 2024年03月04日, 10:30:07
*FILESIZE* : 307 (0x000133)
*CODESIZE* : 2140 (0x00085C)
*CHECKSUM* : 0x00082A78
*ISPMODE* : 2
*ISPRESULT* : 0
--------------------
[2024-03-04 10:30:19] : End
--------------------------------------------------
[2024-03-04 10:31:09] : Begin
--------------------
*MCUTYPE* : STC89C52RC/LE52RC
*MCUID* : F002C62E09CF84
*FILENAME* : C:\Users\lenovo\Desktop\TASK_01\Objects\TASK_01.hex
*FILETIME* : 2024年03月04日, 10:31:03
*FILESIZE* : 186 (0x0000BA)
*CODESIZE* : 2140 (0x00085C)
*CHECKSUM* : 0x00082A78
*ISPMODE* : 2
*ISPRESULT* : 0
--------------------
[2024-03-04 10:31:15] : End
--------------------------------------------------
[2024-03-04 10:33:40] : Begin
--------------------
*MCUTYPE* : STC89C52RC/LE52RC
*MCUID* : F002C62E09CF84
*FILENAME* : C:\Users\lenovo\Desktop\TASK_01\Objects\TASK_01.hex
*FILETIME* : 2024年03月04日, 10:33:31
*FILESIZE* : 186 (0x0000BA)
*CODESIZE* : 2099 (0x000833)
*CHECKSUM* : 0x0008105A
*ISPMODE* : 2
*ISPRESULT* : 0
--------------------
[2024-03-04 10:33:46] : End
--------------------------------------------------
[2024-03-04 10:36:23] : Begin
--------------------
*MCUTYPE* : STC89C52RC/LE52RC
*FILENAME* : C:\Users\lenovo\Desktop\TASK_01\Objects\TASK_01.hex
*FILETIME* : 2024年03月04日, 10:36:20
*FILESIZE* : 307 (0x000133)
*CODESIZE* : 2099 (0x000833)
*CHECKSUM* : 0x0008107A
*ISPMODE* : 2
*ISPRESULT* : 3
--------------------
[2024-03-04 10:36:35] : End
--------------------------------------------------
[2024-03-04 10:36:50] : Begin
--------------------
*MCUTYPE* : STC89C52RC/LE52RC
*FILENAME* : C:\Users\lenovo\Desktop\TASK_01\Objects\TASK_01.hex
*FILETIME* : 2024年03月04日, 10:36:20
*FILESIZE* : 307 (0x000133)
*CODESIZE* : 2140 (0x00085C)
*CHECKSUM* : 0x00082A98
*ISPMODE* : 2
*ISPRESULT* : 3
--------------------
[2024-03-04 10:37:07] : End
--------------------------------------------------
[2024-03-04 10:37:09] : Begin
--------------------
*MCUTYPE* : STC89C52RC/LE52RC
*FILENAME* : C:\Users\lenovo\Desktop\TASK_01\Objects\TASK_01.hex
*FILETIME* : 2024年03月04日, 10:36:20
*FILESIZE* : 307 (0x000133)
*CODESIZE* : 2140 (0x00085C)
*CHECKSUM* : 0x00082A98
*ISPMODE* : 2
*ISPRESULT* : 3
--------------------
[2024-03-04 10:37:16] : End
--------------------------------------------------
[2024-03-04 10:37:47] : Begin
--------------------
*MCUTYPE* : STC89C52RC/LE52RC
*FILENAME* : C:\Users\lenovo\Desktop\TASK_01\Objects\TASK_01.hex
*FILETIME* : 2024年03月04日, 10:37:39
*FILESIZE* : 307 (0x000133)
*CODESIZE* : 2140 (0x00085C)
*CHECKSUM* : 0x00082A98
*ISPMODE* : 2
*ISPRESULT* : 3
--------------------
[2024-03-04 10:37:57] : End
--------------------------------------------------
[2024-03-04 10:38:12] : Begin
--------------------
*MCUTYPE* : STC89C52RC/LE52RC
*MCUID* : F002C62E09CF84
*FILENAME* : C:\Users\lenovo\Desktop\TASK_01\Objects\TASK_01.hex
*FILETIME* : 2024年03月04日, 10:37:39
*FILESIZE* : 307 (0x000133)
*CODESIZE* : 2140 (0x00085C)
*CHECKSUM* : 0x00082A98
*ISPMODE* : 2
*ISPRESULT* : 0
--------------------
[2024-03-04 10:38:17] : End
--------------------------------------------------
[2024-03-04 12:50:07] : Begin
--------------------
*MCUTYPE* : STC89C52RC/LE52RC
*FILENAME* : C:\Users\lenovo\Desktop\TASK_01\Objects\TASK_01.hex
*FILETIME* : 2024年03月04日, 12:49:23
*FILESIZE* : 307 (0x000133)
*CODESIZE* : 2140 (0x00085C)
*CHECKSUM* : 0x00082A98
*ISPMODE* : 2
*ISPRESULT* : 3
--------------------
[2024-03-04 12:50:16] : End
--------------------------------------------------
[2024-03-04 12:50:21] : Begin
--------------------
*MCUTYPE* : STC89C52RC/LE52RC
*MCUID* : F002C62E09CF84
*FILENAME* : C:\Users\lenovo\Desktop\TASK_01\Objects\TASK_01.hex
*FILETIME* : 2024年03月04日, 12:49:23
*FILESIZE* : 307 (0x000133)
*CODESIZE* : 2140 (0x00085C)
*CHECKSUM* : 0x00082A98
*ISPMODE* : 2
*ISPRESULT* : 0
--------------------
[2024-03-04 12:50:26] : End
--------------------------------------------------
[2024-03-04 13:09:57] : Begin
--------------------
*MCUTYPE* : STC89C52RC/LE52RC
*MCUID* : F002C62E09CF84
*FILENAME* : C:\Users\lenovo\Desktop\TASK_01\Objects\TASK_01.hex
*FILETIME* : 2024年03月04日, 13:09:36
*FILESIZE* : 307 (0x000133)
*CODESIZE* : 2140 (0x00085C)
*CHECKSUM* : 0x00082A98
*ISPMODE* : 2
*ISPRESULT* : 0
--------------------
[2024-03-04 13:10:01] : End
--------------------------------------------------
[2024-03-04 13:11:27] : Begin
--------------------
*MCUTYPE* : STC89C52RC/LE52RC
*MCUID* : F002C62E09CF84
*FILENAME* : C:\Users\lenovo\Desktop\TASK_01\Objects\TASK_01.hex
*FILETIME* : 2024年03月04日, 13:11:22
*FILESIZE* : 186 (0x0000BA)
*CODESIZE* : 2140 (0x00085C)
*CHECKSUM* : 0x00082A98
*ISPMODE* : 2
*ISPRESULT* : 0
--------------------
[2024-03-04 13:11:31] : End
--------------------------------------------------
