[2024-03-06 10:08:48] : Begin
--------------------
*MCUTYPE* : STC89C52RC/LE52RC
*MCUID* : F002C62E09CF84
*FILENAME* : C:\Users\lenovo\Desktop\TASK_01\Objects\TASK_01.hex
*FILETIME* : 2024年03月06日, 10:07:44
*FILESIZE* : 133 (0x000085)
*CODESIZE* : 2079 (0x00081F)
*CHECKSUM* : 0x0008066B
*ISPMODE* : 2
*ISPRESULT* : 0
--------------------
[2024-03-06 10:08:53] : End
--------------------------------------------------
[2024-03-06 10:09:15] : Begin
--------------------
*MCUTYPE* : STC89C52RC/LE52RC
*MCUID* : F002C62E09CF84
*FILENAME* : C:\Users\lenovo\Desktop\TASK_01\Objects\TASK_01.hex
*FILETIME* : 2024年03月06日, 10:09:09
*FILESIZE* : 131 (0x000083)
*CODESIZE* : 2079 (0x00081F)
*CHECKSUM* : 0x0008066B
*ISPMODE* : 2
*ISPRESULT* : 0
--------------------
[2024-03-06 10:09:20] : End
--------------------------------------------------
[2024-03-06 10:12:07] : Begin
--------------------
*MCUTYPE* : STC89C52RC/LE52RC
*MCUID* : F002C62E09CF84
*FILENAME* : C:\Users\lenovo\Desktop\TASK_01\Objects\TASK_01.hex
*FILETIME* : 2024年03月06日, 10:12:04
*FILESIZE* : 234 (0x0000EA)
*CODESIZE* : 2078 (0x00081E)
*CHECKSUM* : 0x000805EC
*ISPMODE* : 2
*ISPRESULT* : 0
--------------------
[2024-03-06 10:12:13] : End
--------------------------------------------------
[2024-03-06 10:15:39] : Begin
--------------------
*MCUTYPE* : STC89C52RC/LE52RC
*MCUID* : F002C62E09CF84
*FILENAME* : C:\Users\lenovo\Desktop\TASK_01\Objects\TASK_01.hex
*FILETIME* : 2024年03月06日, 10:15:36
*FILESIZE* : 184 (0x0000B8)
*CODESIZE* : 2110 (0x00083E)
*CHECKSUM* : 0x000811E8
*ISPMODE* : 2
*ISPRESULT* : 0
--------------------
[2024-03-06 10:15:46] : End
--------------------------------------------------
[2024-03-06 10:16:16] : Begin
--------------------
*MCUTYPE* : STC89C52RC/LE52RC
*MCUID* : F002C62E09CF84
*FILENAME* : C:\Users\lenovo\Desktop\TASK_01\Objects\TASK_01.hex
*FILETIME* : 2024年03月06日, 10:16:10
*FILESIZE* : 184 (0x0000B8)
*CODESIZE* : 2098 (0x000832)
*CHECKSUM* : 0x000811C2
*ISPMODE* : 2
*ISPRESULT* : 0
--------------------
[2024-03-06 10:16:22] : End
--------------------------------------------------
[2024-03-06 10:17:32] : Begin
--------------------
*MCUTYPE* : STC89C52RC/LE52RC
*MCUID* : F002C62E09CF84
*FILENAME* : C:\Users\lenovo\Desktop\TASK_01\Objects\TASK_01.hex
*FILETIME* : 2024年03月06日, 10:17:30
*FILESIZE* : 133 (0x000085)
*CODESIZE* : 2098 (0x000832)
*CHECKSUM* : 0x0008110E
*ISPMODE* : 2
*ISPRESULT* : 0
--------------------
[2024-03-06 10:17:38] : End
--------------------------------------------------
[2024-03-06 10:17:58] : Begin
--------------------
*MCUTYPE* : STC89C52RC/LE52RC
*MCUID* : F002C62E09CF84
*FILENAME* : C:\Users\lenovo\Desktop\TASK_01\Objects\TASK_01.hex
*FILETIME* : 2024年03月06日, 10:17:56
*FILESIZE* : 133 (0x000085)
*CODESIZE* : 2079 (0x00081F)
*CHECKSUM* : 0x00080591
*ISPMODE* : 2
*ISPRESULT* : 0
--------------------
[2024-03-06 10:18:03] : End
--------------------------------------------------
[2024-03-06 10:18:49] : Begin
--------------------
*MCUTYPE* : STC89C52RC/LE52RC
*MCUID* : F002C62E09CF84
*FILENAME* : C:\Users\lenovo\Desktop\TASK_01\Objects\TASK_01.hex
*FILETIME* : 2024年03月06日, 10:18:46
*FILESIZE* : 133 (0x000085)
*CODESIZE* : 2079 (0x00081F)
*CHECKSUM* : 0x00080609
*ISPMODE* : 2
*ISPRESULT* : 0
--------------------
[2024-03-06 10:18:54] : End
--------------------------------------------------
[2024-03-06 10:19:12] : Begin
--------------------
*MCUTYPE* : STC89C52RC/LE52RC
*MCUID* : F002C62E09CF84
*FILENAME* : C:\Users\lenovo\Desktop\TASK_01\Objects\TASK_01.hex
*FILETIME* : 2024年03月06日, 10:19:09
*FILESIZE* : 186 (0x0000BA)
*CODESIZE* : 2079 (0x00081F)
*CHECKSUM* : 0x00080610
*ISPMODE* : 2
*ISPRESULT* : 0
--------------------
[2024-03-06 10:19:17] : End
--------------------------------------------------
[2024-03-06 10:19:39] : Begin
--------------------
*MCUTYPE* : STC89C52RC/LE52RC
*MCUID* : F002C62E09CF84
*FILENAME* : C:\Users\lenovo\Desktop\TASK_01\Objects\TASK_01.hex
*FILETIME* : 2024年03月06日, 10:19:35
*FILESIZE* : 186 (0x0000BA)
*CODESIZE* : 2099 (0x000833)
*CHECKSUM* : 0x0008118B
*ISPMODE* : 2
*ISPRESULT* : 0
--------------------
[2024-03-06 10:19:44] : End
--------------------------------------------------
[2024-03-06 10:38:21] : Begin
--------------------
*MCUTYPE* : STC89C52RC/LE52RC
*MCUID* : F002C62E09CF84
*FILENAME* : C:\Users\lenovo\Desktop\TASK_01\Objects\TASK_01.hex
*FILETIME* : 2024年03月06日, 10:19:35
*FILESIZE* : 186 (0x0000BA)
*CODESIZE* : 2099 (0x000833)
*CHECKSUM* : 0x0008118C
*ISPMODE* : 2
*ISPRESULT* : 0
--------------------
[2024-03-06 10:38:26] : End
--------------------------------------------------
[2024-03-06 10:47:56] : Begin
--------------------
*MCUTYPE* : STC89C52RC/LE52RC
*MCUID* : F002C62E09CF84
*FILENAME* : C:\Users\lenovo\Desktop\TASK_01\Objects\TASK_01.hex
*FILETIME* : 2024年03月06日, 10:47:48
*FILESIZE* : 182 (0x0000B6)
*CODESIZE* : 2099 (0x000833)
*CHECKSUM* : 0x0008118C
*ISPMODE* : 2
*ISPRESULT* : 0
--------------------
[2024-03-06 10:48:03] : End
--------------------------------------------------
[2024-03-06 10:48:23] : Begin
--------------------
*MCUTYPE* : STC89C52RC/LE52RC
*MCUID* : F002C62E09CF84
*FILENAME* : C:\Users\lenovo\Desktop\TASK_01\Objects\TASK_01.hex
*FILETIME* : 2024年03月06日, 10:48:18
*FILESIZE* : 131 (0x000083)
*CODESIZE* : 2097 (0x000831)
*CHECKSUM* : 0x00081049
*ISPMODE* : 2
*ISPRESULT* : 0
--------------------
[2024-03-06 10:48:29] : End
--------------------------------------------------
[2024-03-06 10:49:32] : Begin
--------------------
*MCUTYPE* : STC89C52RC/LE52RC
*FILENAME* : C:\Users\lenovo\Desktop\TASK_01\Objects\TASK_01.hex
*FILETIME* : 2024年03月06日, 10:49:28
*FILESIZE* : 131 (0x000083)
*CODESIZE* : 2078 (0x00081E)
*CHECKSUM* : 0x0008056F
*ISPMODE* : 2
*ISPRESULT* : 3
--------------------
[2024-03-06 10:49:39] : End
--------------------------------------------------
[2024-03-06 10:49:40] : Begin
--------------------
*MCUTYPE* : STC89C52RC/LE52RC
*FILENAME* : C:\Users\lenovo\Desktop\TASK_01\Objects\TASK_01.hex
*FILETIME* : 2024年03月06日, 10:49:28
*FILESIZE* : 131 (0x000083)
*CODESIZE* : 2078 (0x00081E)
*CHECKSUM* : 0x0008056F
*ISPMODE* : 2
*ISPRESULT* : 3
--------------------
[2024-03-06 10:49:48] : End
--------------------------------------------------
[2024-03-06 10:49:50] : Begin
--------------------
*MCUTYPE* : STC89C52RC/LE52RC
*MCUID* : F002C62E09CF84
*FILENAME* : C:\Users\lenovo\Desktop\TASK_01\Objects\TASK_01.hex
*FILETIME* : 2024年03月06日, 10:49:28
*FILESIZE* : 131 (0x000083)
*CODESIZE* : 2078 (0x00081E)
*CHECKSUM* : 0x0008056F
*ISPMODE* : 2
*ISPRESULT* : 0
--------------------
[2024-03-06 10:49:54] : End
--------------------------------------------------
[2024-03-06 10:50:05] : Begin
--------------------
*MCUTYPE* : STC89C52RC/LE52RC
*MCUID* : F002C62E09CF84
*FILENAME* : C:\Users\lenovo\Desktop\TASK_01\Objects\TASK_01.hex
*FILETIME* : 2024年03月06日, 10:49:28
*FILESIZE* : 131 (0x000083)
*CODESIZE* : 2078 (0x00081E)
*CHECKSUM* : 0x0008056F
*ISPMODE* : 2
*ISPRESULT* : 0
--------------------
[2024-03-06 10:50:11] : End
--------------------------------------------------
[2024-03-06 10:52:50] : Begin
--------------------
*MCUTYPE* : STC89C52RC/LE52RC
*MCUID* : F002C62E09CF84
*FILENAME* : C:\Users\lenovo\Desktop\TASK_01\Objects\TASK_01.hex
*FILETIME* : 2024年03月06日, 10:52:47
*FILESIZE* : 135 (0x000087)
*CODESIZE* : 2078 (0x00081E)
*CHECKSUM* : 0x0008056F
*ISPMODE* : 2
*ISPRESULT* : 0
--------------------
[2024-03-06 10:52:56] : End
--------------------------------------------------
[2024-03-06 10:53:34] : Begin
--------------------
*MCUTYPE* : STC89C52RC/LE52RC
*MCUID* : F002C62E09CF84
*FILENAME* : C:\Users\lenovo\Desktop\TASK_01\Objects\TASK_01.hex
*FILETIME* : 2024年03月06日, 10:53:30
*FILESIZE* : 135 (0x000087)
*CODESIZE* : 2080 (0x000820)
*CHECKSUM* : 0x000806D1
*ISPMODE* : 2
*ISPRESULT* : 0
--------------------
[2024-03-06 10:53:38] : End
--------------------------------------------------
[2024-03-06 10:54:11] : Begin
--------------------
*MCUTYPE* : STC89C52RC/LE52RC
*MCUID* : F002C62E09CF84
*FILENAME* : C:\Users\lenovo\Desktop\TASK_01\Objects\TASK_01.hex
*FILETIME* : 2024年03月06日, 10:54:08
*FILESIZE* : 135 (0x000087)
*CODESIZE* : 2080 (0x000820)
*CHECKSUM* : 0x0008072B
*ISPMODE* : 2
*ISPRESULT* : 0
--------------------
[2024-03-06 10:54:16] : End
--------------------------------------------------
[2024-03-06 10:54:39] : Begin
--------------------
*MCUTYPE* : STC89C52RC/LE52RC
*MCUID* : F002C62E09CF84
*FILENAME* : C:\Users\lenovo\Desktop\TASK_01\Objects\TASK_01.hex
*FILETIME* : 2024年03月06日, 10:54:35
*FILESIZE* : 227 (0x0000E3)
*CODESIZE* : 2080 (0x000820)
*CHECKSUM* : 0x00080604
*ISPMODE* : 2
*ISPRESULT* : 0
--------------------
[2024-03-06 10:54:45] : End
--------------------------------------------------
[2024-03-06 10:56:12] : Begin
--------------------
*MCUTYPE* : STC89C52RC/LE52RC
*FILENAME* : C:\Users\lenovo\Desktop\TASK_01\Objects\TASK_01.hex
*FILETIME* : 2024年03月06日, 10:56:04
*FILESIZE* : 444 (0x0001BC)
*CODESIZE* : 2113 (0x000841)
*CHECKSUM* : 0x00081A94
*ISPMODE* : 2
*ISPRESULT* : 3
--------------------
[2024-03-06 11:08:16] : End
--------------------------------------------------
[2024-03-06 11:08:19] : Begin
--------------------
*MCUTYPE* : STC89C52RC/LE52RC
*MCUID* : F002C62E09CF84
*FILENAME* : C:\Users\lenovo\Desktop\TASK_01\Objects\TASK_01.hex
*FILETIME* : 2024年03月06日, 11:08:13
*FILESIZE* : 238 (0x0000EE)
*CODESIZE* : 2189 (0x00088D)
*CHECKSUM* : 0x00083E97
*ISPMODE* : 2
*ISPRESULT* : 0
--------------------
[2024-03-06 11:08:25] : End
--------------------------------------------------
[2024-03-06 11:08:46] : Begin
--------------------
*MCUTYPE* : STC89C52RC/LE52RC
*MCUID* : F002C62E09CF84
*FILENAME* : C:\Users\lenovo\Desktop\TASK_01\Objects\TASK_01.hex
*FILETIME* : 2024年03月06日, 11:08:39
*FILESIZE* : 238 (0x0000EE)
*CODESIZE* : 2112 (0x000840)
*CHECKSUM* : 0x00081923
*ISPMODE* : 2
*ISPRESULT* : 0
--------------------
[2024-03-06 11:08:52] : End
--------------------------------------------------
[2024-03-06 11:09:14] : Begin
--------------------
*MCUTYPE* : STC89C52RC/LE52RC
*MCUID* : F002C62E09CF84
*FILENAME* : C:\Users\lenovo\Desktop\TASK_01\Objects\TASK_01.hex
*FILETIME* : 2024年03月06日, 11:09:12
*FILESIZE* : 146 (0x000092)
*CODESIZE* : 2112 (0x000840)
*CHECKSUM* : 0x00081943
*ISPMODE* : 2
*ISPRESULT* : 0
--------------------
[2024-03-06 11:09:24] : End
--------------------------------------------------
[2024-03-06 11:26:27] : Begin
--------------------
*MCUTYPE* : STC89C52RC/LE52RC
*MCUID* : F002C62E09CF84
*FILENAME* : C:\Users\lenovo\Desktop\TASK_01\Objects\TASK_01.hex
*FILETIME* : 2024年03月06日, 11:26:24
*FILESIZE* : 105 (0x000069)
*CODESIZE* : 2079 (0x00081F)
*CHECKSUM* : 0x000804B6
*ISPMODE* : 2
*ISPRESULT* : 0
--------------------
[2024-03-06 11:26:37] : End
--------------------------------------------------
[2024-03-06 11:27:03] : Begin
--------------------
*MCUTYPE* : STC89C52RC/LE52RC
*MCUID* : F002C62E09CF84
*FILENAME* : C:\Users\lenovo\Desktop\TASK_01\Objects\TASK_01.hex
*FILETIME* : 2024年03月06日, 11:26:24
*FILESIZE* : 105 (0x000069)
*CODESIZE* : 2065 (0x000811)
*CHECKSUM* : 0x0007FDBE
*ISPMODE* : 2
*ISPRESULT* : 0
--------------------
[2024-03-06 11:27:09] : End
--------------------------------------------------
[2024-03-06 11:27:30] : Begin
--------------------
*MCUTYPE* : STC89C52RC/LE52RC
*MCUID* : F002C62E09CF84
*FILENAME* : C:\Users\lenovo\Desktop\TASK_01\Objects\TASK_01.hex
*FILETIME* : 2024年03月06日, 11:27:26
*FILESIZE* : 146 (0x000092)
*CODESIZE* : 2065 (0x000811)
*CHECKSUM* : 0x0007FDBE
*ISPMODE* : 2
*ISPRESULT* : 0
--------------------
[2024-03-06 11:27:37] : End
--------------------------------------------------
[2024-03-06 11:27:53] : Begin
--------------------
*MCUTYPE* : STC89C52RC/LE52RC
*MCUID* : F002C62E09CF84
*FILENAME* : C:\Users\lenovo\Desktop\TASK_01\Objects\TASK_01.hex
*FILETIME* : 2024年03月06日, 11:27:49
*FILESIZE* : 146 (0x000092)
*CODESIZE* : 2079 (0x00081F)
*CHECKSUM* : 0x000804B8
*ISPMODE* : 2
*ISPRESULT* : 0
--------------------
[2024-03-06 11:27:59] : End
--------------------------------------------------
[2024-03-06 11:28:15] : Begin
--------------------
*MCUTYPE* : STC89C52RC/LE52RC
*MCUID* : F002C62E09CF84
*FILENAME* : C:\Users\lenovo\Desktop\TASK_01\Objects\TASK_01.hex
*FILETIME* : 2024年03月06日, 11:28:13
*FILESIZE* : 101 (0x000065)
*CODESIZE* : 2079 (0x00081F)
*CHECKSUM* : 0x00080583
*ISPMODE* : 2
*ISPRESULT* : 0
--------------------
[2024-03-06 11:28:22] : End
--------------------------------------------------
[2024-03-06 11:34:51] : Begin
--------------------
*MCUTYPE* : STC89C52RC/LE52RC
*MCUID* : F002C62E09CF84
*FILENAME* : C:\Users\lenovo\Desktop\TASK_01\Objects\TASK_01.hex
*FILETIME* : 2024年03月06日, 11:34:48
*FILESIZE* : 307 (0x000133)
*CODESIZE* : 2063 (0x00080F)
*CHECKSUM* : 0x0007FC4C
*ISPMODE* : 2
*ISPRESULT* : 0
--------------------
[2024-03-06 11:34:57] : End
--------------------------------------------------
[2024-03-06 11:35:37] : Begin
--------------------
*MCUTYPE* : STC89C52RC/LE52RC
*MCUID* : F002C62E09CF84
*FILENAME* : C:\Users\lenovo\Desktop\TASK_01\Objects\TASK_01.hex
*FILETIME* : 2024年03月06日, 11:35:34
*FILESIZE* : 146 (0x000092)
*CODESIZE* : 2140 (0x00085C)
*CHECKSUM* : 0x00082A98
*ISPMODE* : 2
*ISPRESULT* : 0
--------------------
[2024-03-06 11:35:44] : End
--------------------------------------------------
[2024-03-06 11:36:16] : Begin
--------------------
*MCUTYPE* : STC89C52RC/LE52RC
*MCUID* : F002C62E09CF84
*FILENAME* : C:\Users\lenovo\Desktop\TASK_01\Objects\TASK_01.hex
*FILETIME* : 2024年03月06日, 11:36:13
*FILESIZE* : 174 (0x0000AE)
*CODESIZE* : 2079 (0x00081F)
*CHECKSUM* : 0x000804BA
*ISPMODE* : 2
*ISPRESULT* : 0
--------------------
[2024-03-06 11:36:25] : End
--------------------------------------------------
[2024-03-06 11:36:38] : Begin
--------------------
*MCUTYPE* : STC89C52RC/LE52RC
*MCUID* : F002C62E09CF84
*FILENAME* : C:\Users\lenovo\Desktop\TASK_01\Objects\TASK_01.hex
*FILETIME* : 2024年03月06日, 11:36:34
*FILESIZE* : 174 (0x0000AE)
*CODESIZE* : 2093 (0x00082D)
*CHECKSUM* : 0x00080D59
*ISPMODE* : 2
*ISPRESULT* : 0
--------------------
[2024-03-06 11:36:45] : End
--------------------------------------------------
[2024-03-06 11:37:09] : Begin
--------------------
*MCUTYPE* : STC89C52RC/LE52RC
*MCUID* : F002C62E09CF84
*FILENAME* : C:\Users\lenovo\Desktop\TASK_01\Objects\TASK_01.hex
*FILETIME* : 2024年03月06日, 11:37:07
*FILESIZE* : 174 (0x0000AE)
*CODESIZE* : 2093 (0x00082D)
*CHECKSUM* : 0x00080E0D
*ISPMODE* : 2
*ISPRESULT* : 0
--------------------
[2024-03-06 11:37:16] : End
--------------------------------------------------
[2024-03-06 11:37:51] : Begin
--------------------
*MCUTYPE* : STC89C52RC/LE52RC
*FILENAME* : C:\Users\lenovo\Desktop\TASK_01\Objects\TASK_01.hex
*FILETIME* : 2024年03月06日, 11:37:48
*FILESIZE* : 174 (0x0000AE)
*CODESIZE* : 2093 (0x00082D)
*CHECKSUM* : 0x00080DB3
*ISPMODE* : 2
*ISPRESULT* : 3
--------------------
[2024-03-06 11:38:01] : End
--------------------------------------------------
[2024-03-06 11:38:02] : Begin
--------------------
*MCUTYPE* : STC89C52RC/LE52RC
*MCUID* : F002C62E09CF84
*FILENAME* : C:\Users\lenovo\Desktop\TASK_01\Objects\TASK_01.hex
*FILETIME* : 2024年03月06日, 11:37:48
*FILESIZE* : 174 (0x0000AE)
*CODESIZE* : 2093 (0x00082D)
*CHECKSUM* : 0x00080DB3
*ISPMODE* : 2
*ISPRESULT* : 0
--------------------
[2024-03-06 11:38:08] : End
--------------------------------------------------
[2024-03-06 11:38:28] : Begin
--------------------
*MCUTYPE* : STC89C52RC/LE52RC
*MCUID* : F002C62E09CF84
*FILENAME* : C:\Users\lenovo\Desktop\TASK_01\Objects\TASK_01.hex
*FILETIME* : 2024年03月06日, 11:38:24
*FILESIZE* : 318 (0x00013E)
*CODESIZE* : 2093 (0x00082D)
*CHECKSUM* : 0x00080DB3
*ISPMODE* : 2
*ISPRESULT* : 0
--------------------
[2024-03-06 11:38:34] : End
--------------------------------------------------
[2024-03-06 11:38:55] : Begin
--------------------
*MCUTYPE* : STC89C52RC/LE52RC
*MCUID* : F002C62E09CF84
*FILENAME* : C:\Users\lenovo\Desktop\TASK_01\Objects\TASK_01.hex
*FILETIME* : 2024年03月06日, 11:38:52
*FILESIZE* : 283 (0x00011B)
*CODESIZE* : 2139 (0x00085B)
*CHECKSUM* : 0x000829EA
*ISPMODE* : 2
*ISPRESULT* : 0
--------------------
[2024-03-06 11:39:01] : End
--------------------------------------------------
[2024-03-06 11:39:24] : Begin
--------------------
*MCUTYPE* : STC89C52RC/LE52RC
*MCUID* : F002C62E09CF84
*FILENAME* : C:\Users\lenovo\Desktop\TASK_01\Objects\TASK_01.hex
*FILETIME* : 2024年03月06日, 11:39:22
*FILESIZE* : 174 (0x0000AE)
*CODESIZE* : 2128 (0x000850)
*CHECKSUM* : 0x0008249B
*ISPMODE* : 2
*ISPRESULT* : 0
--------------------
[2024-03-06 11:40:07] : End
--------------------------------------------------
[2024-03-06 11:56:21] : Begin
--------------------
*MCUTYPE* : STC89C52RC/LE52RC
*MCUID* : F002C62E09CF84
*FILENAME* : C:\Users\lenovo\Desktop\TASK_01\Objects\TASK_01.hex
*FILETIME* : 2024年03月06日, 11:56:17
*FILESIZE* : 119 (0x000077)
*CODESIZE* : 2093 (0x00082D)
*CHECKSUM* : 0x00080D59
*ISPMODE* : 2
*ISPRESULT* : 0
--------------------
[2024-03-06 11:56:28] : End
--------------------------------------------------
[2024-03-06 12:09:10] : Begin
--------------------
*MCUTYPE* : STC89C52RC/LE52RC
*MCUID* : F002C62E09CF84
*FILENAME* : C:\Users\lenovo\Desktop\TASK_01\Objects\TASK_01.hex
*FILETIME* : 2024年03月06日, 12:09:01
*FILESIZE* : 119 (0x000077)
*CODESIZE* : 2072 (0x000818)
*CHECKSUM* : 0x00080297
*ISPMODE* : 2
*ISPRESULT* : 0
--------------------
[2024-03-06 12:09:17] : End
--------------------------------------------------
[2024-03-06 12:10:02] : Begin
--------------------
*MCUTYPE* : STC89C52RC/LE52RC
*MCUID* : F002C62E09CF84
*FILENAME* : C:\Users\lenovo\Desktop\TASK_01\Objects\TASK_01.hex
*FILETIME* : 2024年03月06日, 12:10:00
*FILESIZE* : 123 (0x00007B)
*CODESIZE* : 2072 (0x000818)
*CHECKSUM* : 0x00080297
*ISPMODE* : 2
*ISPRESULT* : 0
--------------------
[2024-03-06 12:10:11] : End
--------------------------------------------------
[2024-03-06 12:11:33] : Begin
--------------------
*MCUTYPE* : STC89C52RC/LE52RC
*MCUID* : F002C62E09CF84
*FILENAME* : C:\Users\lenovo\Desktop\TASK_01\Objects\TASK_01.hex
*FILETIME* : 2024年03月06日, 12:11:29
*FILESIZE* : 123 (0x00007B)
*CODESIZE* : 2074 (0x00081A)
*CHECKSUM* : 0x000804E2
*ISPMODE* : 2
*ISPRESULT* : 0
--------------------
[2024-03-06 12:11:40] : End
--------------------------------------------------
[2024-03-06 12:11:58] : Begin
--------------------
*MCUTYPE* : STC89C52RC/LE52RC
*MCUID* : F002C62E09CF84
*FILENAME* : C:\Users\lenovo\Desktop\TASK_01\Objects\TASK_01.hex
*FILETIME* : 2024年03月06日, 12:11:55
*FILESIZE* : 119 (0x000077)
*CODESIZE* : 2074 (0x00081A)
*CHECKSUM* : 0x000804DE
*ISPMODE* : 2
*ISPRESULT* : 0
--------------------
[2024-03-06 12:12:05] : End
--------------------------------------------------
[2024-03-06 12:15:53] : Begin
--------------------
*MCUTYPE* : STC89C52RC/LE52RC
*MCUID* : F002C62E09CF84
*FILENAME* : C:\Users\lenovo\Desktop\TASK_01\Objects\TASK_01.hex
*FILETIME* : 2024年03月06日, 12:15:50
*FILESIZE* : 317 (0x00013D)
*CODESIZE* : 2072 (0x000818)
*CHECKSUM* : 0x00080295
*ISPMODE* : 2
*ISPRESULT* : 0
--------------------
[2024-03-06 12:16:02] : End
--------------------------------------------------
[2024-03-06 12:17:25] : Begin
--------------------
*MCUTYPE* : STC89C52RC/LE52RC
*MCUID* : F002C62E09CF84
*FILENAME* : C:\Users\lenovo\Desktop\TASK_01\Objects\TASK_01.hex
*FILETIME* : 2024年03月06日, 12:17:22
*FILESIZE* : 200 (0x0000C8)
*CODESIZE* : 2132 (0x000854)
*CHECKSUM* : 0x00082112
*ISPMODE* : 2
*ISPRESULT* : 0
--------------------
[2024-03-06 12:17:30] : End
--------------------------------------------------
[2024-03-06 12:26:05] : Begin
--------------------
*MCUTYPE* : STC89C52RC/LE52RC
*MCUID* : F002C62E09CF84
*FILENAME* : C:\Users\lenovo\Desktop\TASK_01\Objects\TASK_01.hex
*FILETIME* : 2024年03月06日, 12:26:00
*FILESIZE* : 200 (0x0000C8)
*CODESIZE* : 2093 (0x00082D)
*CHECKSUM* : 0x00080BDA
*ISPMODE* : 2
*ISPRESULT* : 0
--------------------
[2024-03-06 12:26:11] : End
--------------------------------------------------
[2024-03-06 12:31:09] : Begin
--------------------
*MCUTYPE* : STC89C52RC/LE52RC
*MCUID* : F002C62E09CF84
*FILENAME* : C:\Users\lenovo\Desktop\TASK_01\Objects\TASK_01.hex
*FILETIME* : 2024年03月06日, 12:31:06
*FILESIZE* : 200 (0x0000C8)
*CODESIZE* : 2093 (0x00082D)
*CHECKSUM* : 0x00080BBC
*ISPMODE* : 2
*ISPRESULT* : 0
--------------------
[2024-03-06 12:31:20] : End
--------------------------------------------------
[2024-03-06 12:44:42] : Begin
--------------------
*MCUTYPE* : STC89C52RC/LE52RC
*MCUID* : F002C62E09CF84
*FILENAME* : C:\Users\lenovo\Desktop\TASK_01\Objects\TASK_01.hex
*FILETIME* : 2024年03月06日, 12:44:37
*FILESIZE* : 196 (0x0000C4)
*CODESIZE* : 2093 (0x00082D)
*CHECKSUM* : 0x00080BDA
*ISPMODE* : 2
*ISPRESULT* : 0
--------------------
[2024-03-06 12:44:47] : End
--------------------------------------------------
[2024-03-06 12:49:31] : Begin
--------------------
*MCUTYPE* : STC89C52RC/LE52RC
*MCUID* : F002C62E09CF84
*FILENAME* : C:\Users\lenovo\Desktop\TASK_01\Objects\TASK_01.hex
*FILETIME* : 2024年03月06日, 12:49:29
*FILESIZE* : 268 (0x00010C)
*CODESIZE* : 2091 (0x00082B)
*CHECKSUM* : 0x0008092C
*ISPMODE* : 2
*ISPRESULT* : 0
--------------------
[2024-03-06 12:49:37] : End
--------------------------------------------------
[2024-03-06 12:50:16] : Begin
--------------------
*MCUTYPE* : STC89C52RC/LE52RC
*MCUID* : F002C62E09CF84
*FILENAME* : C:\Users\lenovo\Desktop\TASK_01\Objects\TASK_01.hex
*FILETIME* : 2024年03月06日, 12:50:12
*FILESIZE* : 268 (0x00010C)
*CODESIZE* : 2114 (0x000842)
*CHECKSUM* : 0x00081569
*ISPMODE* : 2
*ISPRESULT* : 0
--------------------
[2024-03-06 12:50:22] : End
--------------------------------------------------
[2024-03-06 12:51:15] : Begin
--------------------
*MCUTYPE* : STC89C52RC/LE52RC
*MCUID* : F002C62E09CF84
*FILENAME* : C:\Users\lenovo\Desktop\TASK_01\Objects\TASK_01.hex
*FILETIME* : 2024年03月06日, 12:51:09
*FILESIZE* : 268 (0x00010C)
*CODESIZE* : 2114 (0x000842)
*CHECKSUM* : 0x0008154B
*ISPMODE* : 2
*ISPRESULT* : 0
--------------------
[2024-03-06 12:51:25] : End
--------------------------------------------------
[2024-03-06 12:57:22] : Begin
--------------------
*MCUTYPE* : STC89C52RC/LE52RC
*MCUID* : F002C62E09CF84
*FILENAME* : C:\Users\lenovo\Desktop\TASK_01\Objects\TASK_01.hex
*FILETIME* : 2024年03月06日, 12:57:19
*FILESIZE* : 200 (0x0000C8)
*CODESIZE* : 2114 (0x000842)
*CHECKSUM* : 0x000814E2
*ISPMODE* : 2
*ISPRESULT* : 0
--------------------
[2024-03-06 12:57:33] : End
--------------------------------------------------
[2024-03-06 12:57:50] : Begin
--------------------
*MCUTYPE* : STC89C52RC/LE52RC
*MCUID* : F002C62E09CF84
*FILENAME* : C:\Users\lenovo\Desktop\TASK_01\Objects\TASK_01.hex
*FILETIME* : 2024年03月06日, 12:57:47
*FILESIZE* : 317 (0x00013D)
*CODESIZE* : 2093 (0x00082D)
*CHECKSUM* : 0x00080BDA
*ISPMODE* : 2
*ISPRESULT* : 0
--------------------
[2024-03-06 12:57:58] : End
--------------------------------------------------
[2024-03-06 12:58:14] : Begin
--------------------
*MCUTYPE* : STC89C52RC/LE52RC
*MCUID* : F002C62E09CF84
*FILENAME* : C:\Users\lenovo\Desktop\TASK_01\Objects\TASK_01.hex
*FILETIME* : 2024年03月06日, 12:58:11
*FILESIZE* : 200 (0x0000C8)
*CODESIZE* : 2132 (0x000854)
*CHECKSUM* : 0x00082112
*ISPMODE* : 2
*ISPRESULT* : 0
--------------------
[2024-03-06 12:58:23] : End
--------------------------------------------------
[2024-03-06 14:32:03] : Begin
--------------------
*MCUTYPE* : STC89C52RC/LE52RC
*MCUID* : F002C62E09CF84
*FILENAME* : C:\Users\lenovo\Desktop\TASK_01\TASK_01_(a)\Objects\TASK_01.hex
*FILETIME* : 2024年03月06日, 14:31:34
*FILESIZE* : 94 (0x00005E)
*CODESIZE* : 2066 (0x000812)
*CHECKSUM* : 0x0007FF06
*ISPMODE* : 2
*ISPRESULT* : 0
--------------------
[2024-03-06 14:32:12] : End
--------------------------------------------------
[2024-03-06 14:34:36] : Begin
--------------------
*MCUTYPE* : STC89C52RC/LE52RC
*MCUID* : F002C62E09CF84
*FILENAME* : C:\Users\lenovo\Desktop\TASK_01\TASK_01_(a)\Objects\TASK_01.hex
*FILETIME* : 2024年03月06日, 14:34:31
*FILESIZE* : 166 (0x0000A6)
*CODESIZE* : 2066 (0x000812)
*CHECKSUM* : 0x0007FF06
*ISPMODE* : 2
*ISPRESULT* : 0
--------------------
[2024-03-06 14:34:42] : End
--------------------------------------------------
[2024-03-06 14:39:18] : Begin
--------------------
*MCUTYPE* : STC89C52RC/LE52RC
*MCUID* : F002C62E09CF84
*FILENAME* : C:\Users\lenovo\Desktop\TASK_01\TASK_01_(a)\Objects\TASK_01.hex
*FILETIME* : 2024年03月06日, 14:39:15
*FILESIZE* : 166 (0x0000A6)
*CODESIZE* : 2089 (0x000829)
*CHECKSUM* : 0x00080A1B
*ISPMODE* : 2
*ISPRESULT* : 0
--------------------
[2024-03-06 14:39:25] : End
--------------------------------------------------
[2024-03-06 14:40:22] : Begin
--------------------
*MCUTYPE* : STC89C52RC/LE52RC
*MCUID* : F002C62E09CF84
*FILENAME* : C:\Users\lenovo\Desktop\TASK_01\TASK_01_(a)\Objects\TASK_01.hex
*FILETIME* : 2024年03月06日, 14:40:18
*FILESIZE* : 166 (0x0000A6)
*CODESIZE* : 2089 (0x000829)
*CHECKSUM* : 0x0008097A
*ISPMODE* : 2
*ISPRESULT* : 0
--------------------
[2024-03-06 14:40:30] : End
--------------------------------------------------
[2024-03-06 14:40:48] : Begin
--------------------
*MCUTYPE* : STC89C52RC/LE52RC
*MCUID* : F002C62E09CF84
*FILENAME* : C:\Users\lenovo\Desktop\TASK_01\TASK_01_(a)\Objects\TASK_01.hex
*FILETIME* : 2024年03月06日, 14:40:42
*FILESIZE* : 166 (0x0000A6)
*CODESIZE* : 2089 (0x000829)
*CHECKSUM* : 0x00080920
*ISPMODE* : 2
*ISPRESULT* : 0
--------------------
[2024-03-06 14:41:02] : End
--------------------------------------------------
[2024-03-06 14:41:27] : Begin
--------------------
*MCUTYPE* : STC89C52RC/LE52RC
*MCUID* : F002C62E09CF84
*FILENAME* : C:\Users\lenovo\Desktop\TASK_01\TASK_01_(a)\Objects\TASK_01.hex
*FILETIME* : 2024年03月06日, 14:41:21
*FILESIZE* : 166 (0x0000A6)
*CODESIZE* : 2089 (0x000829)
*CHECKSUM* : 0x000809FE
*ISPMODE* : 2
*ISPRESULT* : 0
--------------------
[2024-03-06 14:41:33] : End
--------------------------------------------------
[2024-03-06 14:42:04] : Begin
--------------------
*MCUTYPE* : STC89C52RC/LE52RC
*MCUID* : F002C62E09CF84
*FILENAME* : C:\Users\lenovo\Desktop\TASK_01\TASK_01_(a)\Objects\TASK_01.hex
*FILETIME* : 2024年03月06日, 14:42:01
*FILESIZE* : 166 (0x0000A6)
*CODESIZE* : 2089 (0x000829)
*CHECKSUM* : 0x00080AE3
*ISPMODE* : 2
*ISPRESULT* : 0
--------------------
[2024-03-06 14:42:10] : End
--------------------------------------------------
[2024-03-06 14:44:17] : Begin
--------------------
*MCUTYPE* : STC89C52RC/LE52RC
*MCUID* : F002C62E09CF84
*FILENAME* : C:\Users\lenovo\Desktop\TASK_01\TASK_01_(a)\Objects\TASK_01.hex
*FILETIME* : 2024年03月06日, 14:42:01
*FILESIZE* : 166 (0x0000A6)
*CODESIZE* : 2089 (0x000829)
*CHECKSUM* : 0x00080ACD
*ISPMODE* : 2
*ISPRESULT* : 0
--------------------
[2024-03-06 14:44:22] : End
--------------------------------------------------
[2024-03-06 14:49:53] : Begin
--------------------
*MCUTYPE* : STC89C52RC/LE52RC
*MCUID* : F002C62E09CF84
*FILENAME* : C:\Users\lenovo\Desktop\TASK_01\TASK_01_(a)\Objects\TASK_01.hex
*FILETIME* : 2024年03月06日, 14:49:26
*FILESIZE* : 217 (0x0000D9)
*CODESIZE* : 2089 (0x000829)
*CHECKSUM* : 0x00080ACD
*ISPMODE* : 2
*ISPRESULT* : 0
--------------------
[2024-03-06 14:50:00] : End
--------------------------------------------------
[2024-03-06 14:51:04] : Begin
--------------------
*MCUTYPE* : STC89C52RC/LE52RC
*MCUID* : F002C62E09CF84
*FILENAME* : C:\Users\lenovo\Desktop\TASK_01\TASK_01_(a)\Objects\TASK_01.hex
*FILETIME* : 2024年03月06日, 14:51:00
*FILESIZE* : 217 (0x0000D9)
*CODESIZE* : 2108 (0x00083C)
*CHECKSUM* : 0x0008135B
*ISPMODE* : 2
*ISPRESULT* : 0
--------------------
[2024-03-06 14:51:10] : End
--------------------------------------------------
[2024-03-06 14:52:51] : Begin
--------------------
*MCUTYPE* : STC89C52RC/LE52RC
*MCUID* : F002C62E09CF84
*FILENAME* : C:\Users\lenovo\Desktop\TASK_01\TASK_01_(a)\Objects\TASK_01.hex
*FILETIME* : 2024年03月06日, 14:52:46
*FILESIZE* : 217 (0x0000D9)
*CODESIZE* : 2108 (0x00083C)
*CHECKSUM* : 0x0008136B
*ISPMODE* : 2
*ISPRESULT* : 0
--------------------
[2024-03-06 14:52:57] : End
--------------------------------------------------
[2024-03-06 14:56:42] : Begin
--------------------
*MCUTYPE* : STC89C52RC/LE52RC
*MCUID* : F002C62E09CF84
*FILENAME* : C:\Users\lenovo\Desktop\TASK_01\TASK_01_(a)\Objects\TASK_01.hex
*FILETIME* : 2024年03月06日, 14:56:39
*FILESIZE* : 307 (0x000133)
*CODESIZE* : 2108 (0x00083C)
*CHECKSUM* : 0x00081214
*ISPMODE* : 2
*ISPRESULT* : 0
--------------------
[2024-03-06 14:56:58] : End
--------------------------------------------------
[2024-03-06 14:57:26] : Begin
--------------------
*MCUTYPE* : STC89C52RC/LE52RC
*MCUID* : F002C62E09CF84
*FILENAME* : C:\Users\lenovo\Desktop\TASK_01\TASK_01_(a)\Objects\TASK_01.hex
*FILETIME* : 2024年03月06日, 14:57:22
*FILESIZE* : 305 (0x000131)
*CODESIZE* : 2140 (0x00085C)
*CHECKSUM* : 0x00082A98
*ISPMODE* : 2
*ISPRESULT* : 0
--------------------
[2024-03-06 14:57:32] : End
--------------------------------------------------
[2024-03-06 14:58:11] : Begin
--------------------
*MCUTYPE* : STC89C52RC/LE52RC
*MCUID* : F002C62E09CF84
*FILENAME* : C:\Users\lenovo\Desktop\TASK_01\TASK_01_(a)\Objects\TASK_01.hex
*FILETIME* : 2024年03月06日, 14:58:08
*FILESIZE* : 307 (0x000133)
*CODESIZE* : 2139 (0x00085B)
*CHECKSUM* : 0x00082A18
*ISPMODE* : 2
*ISPRESULT* : 0
--------------------
[2024-03-06 14:58:18] : End
--------------------------------------------------
[2024-03-06 14:58:37] : Begin
--------------------
*MCUTYPE* : STC89C52RC/LE52RC
*MCUID* : F002C62E09CF84
*FILENAME* : C:\Users\lenovo\Desktop\TASK_01\TASK_01_(a)\Objects\TASK_01.hex
*FILETIME* : 2024年03月06日, 14:58:34
*FILESIZE* : 307 (0x000133)
*CODESIZE* : 2140 (0x00085C)
*CHECKSUM* : 0x00082AA8
*ISPMODE* : 2
*ISPRESULT* : 0
--------------------
[2024-03-06 14:58:44] : End
--------------------------------------------------
[2024-03-06 14:59:11] : Begin
--------------------
*MCUTYPE* : STC89C52RC/LE52RC
*MCUID* : F002C62E09CF84
*FILENAME* : C:\Users\lenovo\Desktop\TASK_01\TASK_01_(a)\Objects\TASK_01.hex
*FILETIME* : 2024年03月06日, 14:59:07
*FILESIZE* : 307 (0x000133)
*CODESIZE* : 2140 (0x00085C)
*CHECKSUM* : 0x00082A99
*ISPMODE* : 2
*ISPRESULT* : 0
--------------------
[2024-03-06 14:59:17] : End
--------------------------------------------------
[2024-03-06 15:10:28] : Begin
--------------------
*MCUTYPE* : STC89C52RC/LE52RC
*FILENAME* : C:\Users\lenovo\Desktop\TASK_01\TASK_01_(a)\Objects\TASK_01.hex
*FILETIME* : 2024年03月06日, 15:10:24
*FILESIZE* : 307 (0x000133)
*CODESIZE* : 2140 (0x00085C)
*CHECKSUM* : 0x00082B96
*ISPMODE* : 2
*ISPRESULT* : 3
--------------------
[2024-03-06 15:10:54] : End
--------------------------------------------------
[2024-03-06 15:10:56] : Begin
--------------------
*MCUTYPE* : STC89C52RC/LE52RC
*FILENAME* : C:\Users\lenovo\Desktop\TASK_01\TASK_01_(a)\Objects\TASK_01.hex
*FILETIME* : 2024年03月06日, 15:10:48
*FILESIZE* : 307 (0x000133)
*CODESIZE* : 2140 (0x00085C)
*CHECKSUM* : 0x00082B55
*ISPMODE* : 2
*ISPRESULT* : 3
--------------------
[2024-03-06 15:11:07] : End
--------------------------------------------------
[2024-03-06 15:11:12] : Begin
--------------------
*MCUTYPE* : STC89C52RC/LE52RC
*MCUID* : F002C62E09CF84
*FILENAME* : C:\Users\lenovo\Desktop\TASK_01\TASK_01_(a)\Objects\TASK_01.hex
*FILETIME* : 2024年03月06日, 15:10:48
*FILESIZE* : 307 (0x000133)
*CODESIZE* : 2140 (0x00085C)
*CHECKSUM* : 0x00082B55
*ISPMODE* : 2
*ISPRESULT* : 0
--------------------
[2024-03-06 15:11:15] : End
--------------------------------------------------
[2024-03-06 15:13:07] : Begin
--------------------
*MCUTYPE* : STC89C52RC/LE52RC
*MCUID* : F002C62E09CF84
*FILENAME* : C:\Users\lenovo\Desktop\TASK_01\TASK_01_(a)\Objects\TASK_01.hex
*FILETIME* : 2024年03月06日, 15:13:02
*FILESIZE* : 311 (0x000137)
*CODESIZE* : 2140 (0x00085C)
*CHECKSUM* : 0x00082B55
*ISPMODE* : 2
*ISPRESULT* : 0
--------------------
[2024-03-06 15:13:13] : End
--------------------------------------------------
[2024-03-06 15:14:08] : Begin
--------------------
*MCUTYPE* : STC89C52RC/LE52RC
*MCUID* : F002C62E09CF84
*FILENAME* : C:\Users\lenovo\Desktop\TASK_01\TASK_01_(a)\Objects\TASK_01.hex
*FILETIME* : 2024年03月06日, 15:14:05
*FILESIZE* : 190 (0x0000BE)
*CODESIZE* : 2142 (0x00085E)
*CHECKSUM* : 0x00082CCB
*ISPMODE* : 2
*ISPRESULT* : 0
--------------------
[2024-03-06 15:14:13] : End
--------------------------------------------------
[2024-03-06 15:35:12] : Begin
--------------------
*MCUTYPE* : STC89C52RC/LE52RC
*FILENAME* : C:\Users\lenovo\Desktop\TASK_01\TASK_01_(a)\Objects\TASK_01.hex
*FILETIME* : 2024年03月06日, 15:35:08
*FILESIZE* : 192 (0x0000C0)
*CODESIZE* : 2101 (0x000835)
*CHECKSUM* : 0x00081299
*ISPMODE* : 2
*ISPRESULT* : 3
--------------------
[2024-03-06 15:35:16] : End
--------------------------------------------------
[2024-03-06 15:35:20] : Begin
--------------------
*MCUTYPE* : STC89C52RC/LE52RC
*MCUID* : F002C62E09CF84
*FILENAME* : C:\Users\lenovo\Desktop\TASK_01\TASK_01_(a)\Objects\TASK_01.hex
*FILETIME* : 2024年03月06日, 15:35:08
*FILESIZE* : 192 (0x0000C0)
*CODESIZE* : 2102 (0x000836)
*CHECKSUM* : 0x00081110
*ISPMODE* : 2
*ISPRESULT* : 0
--------------------
[2024-03-06 15:35:25] : End
--------------------------------------------------
[2024-03-06 15:35:45] : Begin
--------------------
*MCUTYPE* : STC89C52RC/LE52RC
*MCUID* : F002C62E09CF84
*FILENAME* : C:\Users\lenovo\Desktop\TASK_01\TASK_01_(a)\Objects\TASK_01.hex
*FILETIME* : 2024年03月06日, 15:35:42
*FILESIZE* : 190 (0x0000BE)
*CODESIZE* : 2102 (0x000836)
*CHECKSUM* : 0x00081110
*ISPMODE* : 2
*ISPRESULT* : 0
--------------------
[2024-03-06 15:35:51] : End
--------------------------------------------------
[2024-03-06 15:36:51] : Begin
--------------------
*MCUTYPE* : STC89C52RC/LE52RC
*MCUID* : F002C62E09CF84
*FILENAME* : C:\Users\lenovo\Desktop\TASK_01\TASK_01_(a)\Objects\TASK_01.hex
*FILETIME* : 2024年03月06日, 15:36:47
*FILESIZE* : 190 (0x0000BE)
*CODESIZE* : 2101 (0x000835)
*CHECKSUM* : 0x0008118F
*ISPMODE* : 2
*ISPRESULT* : 0
--------------------
[2024-03-06 15:36:57] : End
--------------------------------------------------
[2024-03-06 15:41:13] : Begin
--------------------
*MCUTYPE* : STC89C52RC/LE52RC
*FILENAME* : C:\Users\lenovo\Desktop\TASK_01\TASK_01_(a)\Objects\TASK_01.hex
*FILETIME* : 2024年03月06日, 15:41:08
*FILESIZE* : 246 (0x0000F6)
*CODESIZE* : 2101 (0x000835)
*CHECKSUM* : 0x000812DB
*ISPMODE* : 2
*ISPRESULT* : 3
--------------------
[2024-03-06 15:41:22] : End
--------------------------------------------------
[2024-03-06 15:41:25] : Begin
--------------------
*MCUTYPE* : STC89C52RC/LE52RC
*MCUID* : F002C62E09CF84
*FILENAME* : C:\Users\lenovo\Desktop\TASK_01\TASK_01_(a)\Objects\TASK_01.hex
*FILETIME* : 2024年03月06日, 15:41:08
*FILESIZE* : 246 (0x0000F6)
*CODESIZE* : 2116 (0x000844)
*CHECKSUM* : 0x0008190D
*ISPMODE* : 2
*ISPRESULT* : 0
--------------------
[2024-03-06 15:41:29] : End
--------------------------------------------------
[2024-03-06 15:43:49] : Begin
--------------------
*MCUTYPE* : STC89C52RC/LE52RC
*MCUID* : F002C62E09CF84
*FILENAME* : C:\Users\lenovo\Desktop\TASK_01\TASK_01_(a)\Objects\TASK_01.hex
*FILETIME* : 2024年03月06日, 15:43:46
*FILESIZE* : 242 (0x0000F2)
*CODESIZE* : 2116 (0x000844)
*CHECKSUM* : 0x0008190D
*ISPMODE* : 2
*ISPRESULT* : 0
--------------------
[2024-03-06 15:43:58] : End
--------------------------------------------------
[2024-03-06 15:47:12] : Begin
--------------------
*MCUTYPE* : STC89C52RC/LE52RC
*MCUID* : F002C62E09CF84
*FILENAME* : C:\Users\lenovo\Desktop\TASK_01\TASK_01_(a)\Objects\TASK_01.hex
*FILETIME* : 2024年03月06日, 15:47:07
*FILESIZE* : 242 (0x0000F2)
*CODESIZE* : 2114 (0x000842)
*CHECKSUM* : 0x000813FF
*ISPMODE* : 2
*ISPRESULT* : 0
--------------------
[2024-03-06 15:47:17] : End
--------------------------------------------------
[2024-03-06 15:48:07] : Begin
--------------------
*MCUTYPE* : STC89C52RC/LE52RC
*MCUID* : F002C62E09CF84
*FILENAME* : C:\Users\lenovo\Desktop\TASK_01\TASK_01_(a)\Objects\TASK_01.hex
*FILETIME* : 2024年03月06日, 15:48:04
*FILESIZE* : 242 (0x0000F2)
*CODESIZE* : 2114 (0x000842)
*CHECKSUM* : 0x000813D7
*ISPMODE* : 2
*ISPRESULT* : 0
--------------------
[2024-03-06 15:48:11] : End
--------------------------------------------------
[2024-03-06 16:00:27] : Begin
--------------------
*MCUTYPE* : STC89C52RC/LE52RC
*MCUID* : F002C62E09CF84
*FILENAME* : C:\Users\lenovo\Desktop\TASK_01\TASK_01_(a)\Objects\TASK_01.hex
*FILETIME* : 2024年03月06日, 16:00:23
*FILESIZE* : 242 (0x0000F2)
*CODESIZE* : 2114 (0x000842)
*CHECKSUM* : 0x00081404
*ISPMODE* : 2
*ISPRESULT* : 0
--------------------
[2024-03-06 16:00:35] : End
--------------------------------------------------
