[2024-03-05 10:06:50] : Begin
--------------------
*MCUTYPE* : STC89C52RC/LE52RC
*FILENAME* : C:\Users\lenovo\Desktop\TASK_01\Objects\TASK_01.hex
*FILETIME* : 2024年03月05日, 10:06:08
*FILESIZE* : 190 (0x0000BE)
*CODESIZE* : 2101 (0x000835)
*CHECKSUM* : 0x00081218
*ISPMODE* : 2
*ISPRESULT* : 3
--------------------
[2024-03-05 10:07:08] : End
--------------------------------------------------
[2024-03-05 10:07:16] : Begin
--------------------
*MCUTYPE* : STC89C52RC/LE52RC
*FILENAME* : C:\Users\lenovo\Desktop\TASK_01\Objects\TASK_01.hex
*FILETIME* : 2024年03月05日, 10:06:08
*FILESIZE* : 190 (0x0000BE)
*CODESIZE* : 2101 (0x000835)
*CHECKSUM* : 0x00081218
*ISPMODE* : 2
*ISPRESULT* : 3
--------------------
[2024-03-05 10:07:35] : End
--------------------------------------------------
[2024-03-05 10:08:20] : Begin
--------------------
*MCUTYPE* : STC89C52RC/LE52RC
*MCUID* : F002C62E09CF84
*FILENAME* : C:\Users\lenovo\Desktop\TASK_01\Objects\TASK_01.hex
*FILETIME* : 2024年03月05日, 10:06:08
*FILESIZE* : 190 (0x0000BE)
*CODESIZE* : 2101 (0x000835)
*CHECKSUM* : 0x00081218
*ISPMODE* : 2
*ISPRESULT* : 0
--------------------
[2024-03-05 10:08:34] : End
--------------------------------------------------
[2024-03-05 10:09:31] : Begin
--------------------
*MCUTYPE* : STC89C52RC/LE52RC
*MCUID* : F002C62E09CF84
*FILENAME* : C:\Users\lenovo\Desktop\TASK_01\Objects\TASK_01.hex
*FILETIME* : 2024年03月05日, 10:09:14
*FILESIZE* : 186 (0x0000BA)
*CODESIZE* : 2099 (0x000833)
*CHECKSUM* : 0x000810B6
*ISPMODE* : 2
*ISPRESULT* : 0
--------------------
[2024-03-05 10:09:37] : End
--------------------------------------------------
[2024-03-05 10:14:40] : Begin
--------------------
*MCUTYPE* : STC89C52RC/LE52RC
*MCUID* : F002C62E09CF84
*FILENAME* : C:\Users\lenovo\Desktop\TASK_01\Objects\TASK_01.hex
*FILETIME* : 2024年03月05日, 10:14:32
*FILESIZE* : 186 (0x0000BA)
*CODESIZE* : 2099 (0x000833)
*CHECKSUM* : 0x000810B7
*ISPMODE* : 2
*ISPRESULT* : 0
--------------------
[2024-03-05 10:14:46] : End
--------------------------------------------------
[2024-03-05 10:15:47] : Begin
--------------------
*MCUTYPE* : STC89C52RC/LE52RC
*MCUID* : F002C62E09CF84
*FILENAME* : C:\Users\lenovo\Desktop\TASK_01\Objects\TASK_01.hex
*FILETIME* : 2024年03月05日, 10:15:27
*FILESIZE* : 133 (0x000085)
*CODESIZE* : 2079 (0x00081F)
*CHECKSUM* : 0x000805A6
*ISPMODE* : 2
*ISPRESULT* : 0
--------------------
[2024-03-05 10:15:52] : End
--------------------------------------------------
[2024-03-05 10:16:30] : Begin
--------------------
*MCUTYPE* : STC89C52RC/LE52RC
*MCUID* : F002C62E09CF84
*FILENAME* : C:\Users\lenovo\Desktop\TASK_01\Objects\TASK_01.hex
*FILETIME* : 2024年03月05日, 10:16:23
*FILESIZE* : 133 (0x000085)
*CODESIZE* : 2079 (0x00081F)
*CHECKSUM* : 0x000805A6
*ISPMODE* : 2
*ISPRESULT* : 0
--------------------
[2024-03-05 10:16:35] : End
--------------------------------------------------
[2024-03-05 10:17:48] : Begin
--------------------
*MCUTYPE* : STC89C52RC/LE52RC
*FILENAME* : C:\Users\lenovo\Desktop\TASK_01\Objects\TASK_01.hex
*FILETIME* : 2024年03月05日, 10:17:44
*FILESIZE* : 133 (0x000085)
*CODESIZE* : 2079 (0x00081F)
*CHECKSUM* : 0x0008057B
*ISPMODE* : 2
*ISPRESULT* : 2
--------------------
[2024-03-05 10:17:56] : End
--------------------------------------------------
[2024-03-05 10:17:58] : Begin
--------------------
*MCUTYPE* : STC89C52RC/LE52RC
*MCUID* : F002C62E09CF84
*FILENAME* : C:\Users\lenovo\Desktop\TASK_01\Objects\TASK_01.hex
*FILETIME* : 2024年03月05日, 10:17:44
*FILESIZE* : 133 (0x000085)
*CODESIZE* : 2079 (0x00081F)
*CHECKSUM* : 0x000805A6
*ISPMODE* : 2
*ISPRESULT* : 0
--------------------
[2024-03-05 10:18:03] : End
--------------------------------------------------
[2024-03-05 10:25:40] : Begin
--------------------
*MCUTYPE* : STC89C52RC/LE52RC
*MCUID* : F002C62E09CF84
*FILENAME* : C:\Users\lenovo\Desktop\TASK_01\Objects\TASK_01.hex
*FILETIME* : 2024年03月05日, 10:25:38
*FILESIZE* : 133 (0x000085)
*CODESIZE* : 2079 (0x00081F)
*CHECKSUM* : 0x000805A6
*ISPMODE* : 2
*ISPRESULT* : 0
--------------------
[2024-03-05 10:25:47] : End
--------------------------------------------------
[2024-03-05 10:26:09] : Begin
--------------------
*MCUTYPE* : STC89C52RC/LE52RC
*MCUID* : F002C62E09CF84
*FILENAME* : C:\Users\lenovo\Desktop\TASK_01\Objects\TASK_01.hex
*FILETIME* : 2024年03月05日, 10:26:05
*FILESIZE* : 133 (0x000085)
*CODESIZE* : 2079 (0x00081F)
*CHECKSUM* : 0x0008052E
*ISPMODE* : 2
*ISPRESULT* : 0
--------------------
[2024-03-05 10:26:14] : End
--------------------------------------------------
[2024-03-05 10:26:23] : Begin
--------------------
*MCUTYPE* : STC89C52RC/LE52RC
*MCUID* : F002C62E09CF84
*FILENAME* : C:\Users\lenovo\Desktop\TASK_01\Objects\TASK_01.hex
*FILETIME* : 2024年03月05日, 10:26:05
*FILESIZE* : 133 (0x000085)
*CODESIZE* : 2079 (0x00081F)
*CHECKSUM* : 0x000805A6
*ISPMODE* : 2
*ISPRESULT* : 0
--------------------
[2024-03-05 10:26:29] : End
--------------------------------------------------
[2024-03-05 10:47:39] : Begin
--------------------
*MCUTYPE* : STC89C52RC/LE52RC
*MCUID* : F002C62E09CF84
*FILENAME* : C:\Users\lenovo\Desktop\TASK_01\Objects\TASK_01.hex
*FILETIME* : 2024年03月05日, 10:47:34
*FILESIZE* : 133 (0x000085)
*CODESIZE* : 2079 (0x00081F)
*CHECKSUM* : 0x000805A6
*ISPMODE* : 2
*ISPRESULT* : 0
--------------------
[2024-03-05 10:47:44] : End
--------------------------------------------------
[2024-03-05 10:48:41] : Begin
--------------------
*MCUTYPE* : STC89C52RC/LE52RC
*MCUID* : F002C62E09CF84
*FILENAME* : C:\Users\lenovo\Desktop\TASK_01\Objects\TASK_01.hex
*FILETIME* : 2024年03月05日, 10:48:36
*FILESIZE* : 182 (0x0000B6)
*CODESIZE* : 2079 (0x00081F)
*CHECKSUM* : 0x00080527
*ISPMODE* : 2
*ISPRESULT* : 0
--------------------
[2024-03-05 10:48:49] : End
--------------------------------------------------
[2024-03-05 10:49:28] : Begin
--------------------
*MCUTYPE* : STC89C52RC/LE52RC
*MCUID* : F002C62E09CF84
*FILENAME* : C:\Users\lenovo\Desktop\TASK_01\Objects\TASK_01.hex
*FILETIME* : 2024年03月05日, 10:49:16
*FILESIZE* : 186 (0x0000BA)
*CODESIZE* : 2097 (0x000831)
*CHECKSUM* : 0x000810B7
*ISPMODE* : 2
*ISPRESULT* : 0
--------------------
[2024-03-05 10:49:32] : End
--------------------------------------------------
[2024-03-05 10:50:43] : Begin
--------------------
*MCUTYPE* : STC89C52RC/LE52RC
*MCUID* : F002C62E09CF84
*FILENAME* : C:\Users\lenovo\Desktop\TASK_01\Objects\TASK_01.hex
*FILETIME* : 2024年03月05日, 10:50:36
*FILESIZE* : 186 (0x0000BA)
*CODESIZE* : 2099 (0x000833)
*CHECKSUM* : 0x000811B5
*ISPMODE* : 2
*ISPRESULT* : 0
--------------------
[2024-03-05 10:50:48] : End
--------------------------------------------------
[2024-03-05 10:58:09] : Begin
--------------------
*MCUTYPE* : STC89C52RC/LE52RC
*MCUID* : F002C62E09CF84
*FILENAME* : C:\Users\lenovo\Desktop\TASK_01\Objects\TASK_01.hex
*FILETIME* : 2024年03月05日, 10:58:00
*FILESIZE* : 186 (0x0000BA)
*CODESIZE* : 2099 (0x000833)
*CHECKSUM* : 0x00080FD5
*ISPMODE* : 2
*ISPRESULT* : 0
--------------------
[2024-03-05 10:58:15] : End
--------------------------------------------------
[2024-03-05 10:59:01] : Begin
--------------------
*MCUTYPE* : STC89C52RC/LE52RC
*FILENAME* : C:\Users\lenovo\Desktop\TASK_01\Objects\TASK_01.hex
*FILETIME* : 2024年03月05日, 10:58:57
*FILESIZE* : 186 (0x0000BA)
*CODESIZE* : 2099 (0x000833)
*CHECKSUM* : 0x000810B6
*ISPMODE* : 2
*ISPRESULT* : 3
--------------------
[2024-03-05 10:59:10] : End
--------------------------------------------------
[2024-03-05 10:59:13] : Begin
--------------------
*MCUTYPE* : STC89C52RC/LE52RC
*MCUID* : F002C62E09CF84
*FILENAME* : C:\Users\lenovo\Desktop\TASK_01\Objects\TASK_01.hex
*FILETIME* : 2024年03月05日, 10:58:57
*FILESIZE* : 186 (0x0000BA)
*CODESIZE* : 2099 (0x000833)
*CHECKSUM* : 0x000811B5
*ISPMODE* : 2
*ISPRESULT* : 0
--------------------
[2024-03-05 10:59:19] : End
--------------------------------------------------
[2024-03-05 10:59:50] : Begin
--------------------
*MCUTYPE* : STC89C52RC/LE52RC
*MCUID* : F002C62E09CF84
*FILENAME* : C:\Users\lenovo\Desktop\TASK_01\Objects\TASK_01.hex
*FILETIME* : 2024年03月05日, 10:59:46
*FILESIZE* : 186 (0x0000BA)
*CODESIZE* : 2099 (0x000833)
*CHECKSUM* : 0x000811B5
*ISPMODE* : 2
*ISPRESULT* : 0
--------------------
[2024-03-05 10:59:53] : End
--------------------------------------------------
[2024-03-05 11:00:13] : Begin
--------------------
*MCUTYPE* : STC89C52RC/LE52RC
*MCUID* : F002C62E09CF84
*FILENAME* : C:\Users\lenovo\Desktop\TASK_01\Objects\TASK_01.hex
*FILETIME* : 2024年03月05日, 11:00:11
*FILESIZE* : 182 (0x0000B6)
*CODESIZE* : 2099 (0x000833)
*CHECKSUM* : 0x00081241
*ISPMODE* : 2
*ISPRESULT* : 0
--------------------
[2024-03-05 11:00:18] : End
--------------------------------------------------
[2024-03-05 11:00:59] : Begin
--------------------
*MCUTYPE* : STC89C52RC/LE52RC
*MCUID* : F002C62E09CF84
*FILENAME* : C:\Users\lenovo\Desktop\TASK_01\Objects\TASK_01.hex
*FILETIME* : 2024年03月05日, 11:00:54
*FILESIZE* : 186 (0x0000BA)
*CODESIZE* : 2097 (0x000831)
*CHECKSUM* : 0x00081143
*ISPMODE* : 2
*ISPRESULT* : 0
--------------------
[2024-03-05 11:01:03] : End
--------------------------------------------------
[2024-03-05 11:16:50] : Begin
--------------------
*MCUTYPE* : STC89C52RC/LE52RC
*FILENAME* : C:\Users\lenovo\Desktop\TASK_01\Objects\TASK_01.hex
*FILETIME* : 2024年03月05日, 11:16:43
*FILESIZE* : 133 (0x000085)
*CODESIZE* : 2099 (0x000833)
*CHECKSUM* : 0x000810E3
*ISPMODE* : 2
*ISPRESULT* : 3
--------------------
[2024-03-05 11:17:00] : End
--------------------------------------------------
[2024-03-05 11:17:14] : Begin
--------------------
*MCUTYPE* : STC89C52RC/LE52RC
*FILENAME* : C:\Users\lenovo\Desktop\TASK_01\Objects\TASK_01.hex
*FILETIME* : 2024年03月05日, 11:16:43
*FILESIZE* : 133 (0x000085)
*CODESIZE* : 2079 (0x00081F)
*CHECKSUM* : 0x000805BC
*ISPMODE* : 2
*ISPRESULT* : 3
--------------------
[2024-03-05 11:17:20] : End
--------------------------------------------------
[2024-03-05 11:17:22] : Begin
--------------------
*MCUTYPE* : STC89C52RC/LE52RC
*MCUID* : F002C62E09CF84
*FILENAME* : C:\Users\lenovo\Desktop\TASK_01\Objects\TASK_01.hex
*FILETIME* : 2024年03月05日, 11:16:43
*FILESIZE* : 133 (0x000085)
*CODESIZE* : 2079 (0x00081F)
*CHECKSUM* : 0x000805BC
*ISPMODE* : 2
*ISPRESULT* : 0
--------------------
[2024-03-05 11:17:26] : End
--------------------------------------------------
[2024-03-05 11:17:44] : Begin
--------------------
*MCUTYPE* : STC89C52RC/LE52RC
*MCUID* : F002C62E09CF84
*FILENAME* : C:\Users\lenovo\Desktop\TASK_01\Objects\TASK_01.hex
*FILETIME* : 2024年03月05日, 11:17:42
*FILESIZE* : 131 (0x000083)
*CODESIZE* : 2079 (0x00081F)
*CHECKSUM* : 0x000805BC
*ISPMODE* : 2
*ISPRESULT* : 0
--------------------
[2024-03-05 11:17:50] : End
--------------------------------------------------
[2024-03-05 11:41:03] : Begin
--------------------
*MCUTYPE* : STC89C52RC/LE52RC
*MCUID* : F002C62E09CF84
*FILENAME* : C:\Users\lenovo\Desktop\TASK_01\Objects\TASK_01.hex
*FILETIME* : 2024年03月05日, 11:40:59
*FILESIZE* : 131 (0x000083)
*CODESIZE* : 2078 (0x00081E)
*CHECKSUM* : 0x000805EC
*ISPMODE* : 2
*ISPRESULT* : 0
--------------------
[2024-03-05 11:41:08] : End
--------------------------------------------------
[2024-03-05 11:46:33] : Begin
--------------------
*MCUTYPE* : STC89C52RC/LE52RC
*MCUID* : F002C62E09CF84
*FILENAME* : C:\Users\lenovo\Desktop\TASK_01\Objects\TASK_01.hex
*FILETIME* : 2024年03月05日, 11:46:30
*FILESIZE* : 133 (0x000085)
*CODESIZE* : 2078 (0x00081E)
*CHECKSUM* : 0x000805EC
*ISPMODE* : 2
*ISPRESULT* : 0
--------------------
[2024-03-05 11:46:38] : End
--------------------------------------------------
[2024-03-05 11:47:16] : Begin
--------------------
*MCUTYPE* : STC89C52RC/LE52RC
*MCUID* : F002C62E09CF84
*FILENAME* : C:\Users\lenovo\Desktop\TASK_01\Objects\TASK_01.hex
*FILETIME* : 2024年03月05日, 11:47:11
*FILESIZE* : 133 (0x000085)
*CODESIZE* : 2079 (0x00081F)
*CHECKSUM* : 0x0008065B
*ISPMODE* : 2
*ISPRESULT* : 0
--------------------
[2024-03-05 11:47:20] : End
--------------------------------------------------
[2024-03-05 11:51:44] : Begin
--------------------
*MCUTYPE* : STC89C52RC/LE52RC
*MCUID* : F002C62E09CF84
*FILENAME* : C:\Users\lenovo\Desktop\TASK_01\Objects\TASK_01.hex
*FILETIME* : 2024年03月05日, 11:51:31
*FILESIZE* : 133 (0x000085)
*CODESIZE* : 2079 (0x00081F)
*CHECKSUM* : 0x0008066A
*ISPMODE* : 2
*ISPRESULT* : 0
--------------------
[2024-03-05 11:51:50] : End
--------------------------------------------------
[2024-03-05 11:52:27] : Begin
--------------------
*MCUTYPE* : STC89C52RC/LE52RC
*MCUID* : F002C62E09CF84
*FILENAME* : C:\Users\lenovo\Desktop\TASK_01\Objects\TASK_01.hex
*FILETIME* : 2024年03月05日, 11:52:23
*FILESIZE* : 131 (0x000083)
*CODESIZE* : 2079 (0x00081F)
*CHECKSUM* : 0x0008066B
*ISPMODE* : 2
*ISPRESULT* : 0
--------------------
[2024-03-05 11:52:32] : End
--------------------------------------------------
[2024-03-05 11:53:52] : Begin
--------------------
*MCUTYPE* : STC89C52RC/LE52RC
*MCUID* : F002C62E09CF84
*FILENAME* : C:\Users\lenovo\Desktop\TASK_01\Objects\TASK_01.hex
*FILETIME* : 2024年03月05日, 11:53:49
*FILESIZE* : 133 (0x000085)
*CODESIZE* : 2078 (0x00081E)
*CHECKSUM* : 0x000805EC
*ISPMODE* : 2
*ISPRESULT* : 0
--------------------
[2024-03-05 11:53:58] : End
--------------------------------------------------
[2024-03-05 13:15:46] : Begin
--------------------
*MCUTYPE* : STC89C52RC/LE52RC
*MCUID* : F002C62E09CF84
*FILENAME* : C:\Users\lenovo\Desktop\demo_project\Objects\demo_1.hex
*FILETIME* : 2024年03月05日, 13:15:12
*FILESIZE* : 133 (0x000085)
*CODESIZE* : 2079 (0x00081F)
*CHECKSUM* : 0x0008066B
*ISPMODE* : 2
*ISPRESULT* : 0
--------------------
[2024-03-05 13:15:53] : End
--------------------------------------------------
[2024-03-05 13:40:44] : Begin
--------------------
*MCUTYPE* : STC89C52RC/LE52RC
*MCUID* : F002C62E09CF84
*FILENAME* : C:\Users\lenovo\Desktop\demo_project\Objects\demo_1.hex
*FILETIME* : 2024年03月05日, 13:40:28
*FILESIZE* : 154 (0x00009A)
*CODESIZE* : 2083 (0x000823)
*CHECKSUM* : 0x00080752
*ISPMODE* : 2
*ISPRESULT* : 0
--------------------
[2024-03-05 13:40:49] : End
--------------------------------------------------
