[2024-03-07 10:21:24] : Begin
--------------------
*MCUTYPE* : STC89C52RC/LE52RC
*MCUID* : F002C62E09CF84
*FILENAME* : C:\Users\lenovo\Desktop\TASK_01\practice\Objects\practice.hex
*FILETIME* : 2024年03月07日, 10:20:33
*FILESIZE* : 242 (0x0000F2)
*CODESIZE* : 2114 (0x000842)
*CHECKSUM* : 0x000813FA
*ISPMODE* : 2
*ISPRESULT* : 0
--------------------
[2024-03-07 10:21:30] : End
--------------------------------------------------
[2024-03-07 10:23:44] : Begin
--------------------
*MCUTYPE* : STC89C52RC/LE52RC
*MCUID* : F002C62E09CF84
*FILENAME* : C:\Users\lenovo\Desktop\TASK_01\practice\Objects\practice.hex
*FILETIME* : 2024年03月07日, 10:23:34
*FILESIZE* : 242 (0x0000F2)
*CODESIZE* : 2114 (0x000842)
*CHECKSUM* : 0x000813FA
*ISPMODE* : 2
*ISPRESULT* : 0
--------------------
[2024-03-07 10:23:50] : End
--------------------------------------------------
[2024-03-07 10:25:39] : Begin
--------------------
*MCUTYPE* : STC89C52RC/LE52RC
*MCUID* : F002C62E09CF84
*FILENAME* : C:\Users\lenovo\Desktop\TASK_01\practice\Objects\practice.hex
*FILETIME* : 2024年03月07日, 10:25:36
*FILESIZE* : 242 (0x0000F2)
*CODESIZE* : 2114 (0x000842)
*CHECKSUM* : 0x000813E6
*ISPMODE* : 2
*ISPRESULT* : 0
--------------------
[2024-03-07 10:25:44] : End
--------------------------------------------------
[2024-03-07 10:26:36] : Begin
--------------------
*MCUTYPE* : STC89C52RC/LE52RC
*MCUID* : F002C62E09CF84
*FILENAME* : C:\Users\lenovo\Desktop\TASK_01\practice\Objects\practice.hex
*FILETIME* : 2024年03月07日, 10:26:34
*FILESIZE* : 242 (0x0000F2)
*CODESIZE* : 2114 (0x000842)
*CHECKSUM* : 0x0008137E
*ISPMODE* : 2
*ISPRESULT* : 0
--------------------
[2024-03-07 10:26:42] : End
--------------------------------------------------
[2024-03-07 10:27:23] : Begin
--------------------
*MCUTYPE* : STC89C52RC/LE52RC
*MCUID* : F002C62E09CF84
*FILENAME* : C:\Users\lenovo\Desktop\TASK_01\practice\Objects\practice.hex
*FILETIME* : 2024年03月07日, 10:27:20
*FILESIZE* : 242 (0x0000F2)
*CODESIZE* : 2114 (0x000842)
*CHECKSUM* : 0x00081386
*ISPMODE* : 2
*ISPRESULT* : 0
--------------------
[2024-03-07 10:27:31] : End
--------------------------------------------------
[2024-03-07 10:28:12] : Begin
--------------------
*MCUTYPE* : STC89C52RC/LE52RC
*MCUID* : F002C62E09CF84
*FILENAME* : C:\Users\lenovo\Desktop\TASK_01\practice\Objects\practice.hex
*FILETIME* : 2024年03月07日, 10:28:06
*FILESIZE* : 242 (0x0000F2)
*CODESIZE* : 2114 (0x000842)
*CHECKSUM* : 0x00081396
*ISPMODE* : 2
*ISPRESULT* : 0
--------------------
[2024-03-07 10:28:17] : End
--------------------------------------------------
[2024-03-07 10:29:08] : Begin
--------------------
*MCUTYPE* : STC89C52RC/LE52RC
*MCUID* : F002C62E09CF84
*FILENAME* : C:\Users\lenovo\Desktop\TASK_01\practice\Objects\practice.hex
*FILETIME* : 2024年03月07日, 10:29:05
*FILESIZE* : 242 (0x0000F2)
*CODESIZE* : 2114 (0x000842)
*CHECKSUM* : 0x0008139C
*ISPMODE* : 2
*ISPRESULT* : 0
--------------------
[2024-03-07 10:29:13] : End
--------------------------------------------------
[2024-03-07 10:30:15] : Begin
--------------------
*MCUTYPE* : STC89C52RC/LE52RC
*MCUID* : F002C62E09CF84
*FILENAME* : C:\Users\lenovo\Desktop\TASK_01\practice\Objects\practice.hex
*FILETIME* : 2024年03月07日, 10:30:11
*FILESIZE* : 242 (0x0000F2)
*CODESIZE* : 2114 (0x000842)
*CHECKSUM* : 0x000813A6
*ISPMODE* : 2
*ISPRESULT* : 0
--------------------
[2024-03-07 10:30:21] : End
--------------------------------------------------
[2024-03-07 10:30:59] : Begin
--------------------
*MCUTYPE* : STC89C52RC/LE52RC
*MCUID* : F002C62E09CF84
*FILENAME* : C:\Users\lenovo\Desktop\TASK_01\practice\Objects\practice.hex
*FILETIME* : 2024年03月07日, 10:30:53
*FILESIZE* : 242 (0x0000F2)
*CODESIZE* : 2114 (0x000842)
*CHECKSUM* : 0x000813AE
*ISPMODE* : 2
*ISPRESULT* : 0
--------------------
[2024-03-07 10:31:05] : End
--------------------------------------------------
[2024-03-07 10:43:53] : Begin
--------------------
*MCUTYPE* : STC89C52RC/LE52RC
*MCUID* : F002C62E09CF84
*FILENAME* : C:\Users\lenovo\Desktop\TASK_01\practice\Objects\practice.hex
*FILETIME* : 2024年03月07日, 10:43:50
*FILESIZE* : 242 (0x0000F2)
*CODESIZE* : 2114 (0x000842)
*CHECKSUM* : 0x000813CE
*ISPMODE* : 2
*ISPRESULT* : 0
--------------------
[2024-03-07 10:44:12] : End
--------------------------------------------------
[2024-03-07 10:46:22] : Begin
--------------------
*MCUTYPE* : STC89C52RC/LE52RC
*MCUID* : F002C62E09CF84
*FILENAME* : C:\Users\lenovo\Desktop\TASK_01\practice\Objects\practice.hex
*FILETIME* : 2024年03月07日, 10:46:19
*FILESIZE* : 13 (0x00000D)
*CODESIZE* : 2114 (0x000842)
*CHECKSUM* : 0x000813CE
*ISPMODE* : 2
*ISPRESULT* : 0
--------------------
[2024-03-07 10:46:26] : End
--------------------------------------------------
[2024-03-07 10:48:34] : Begin
--------------------
*MCUTYPE* : STC89C52RC/LE52RC
*MCUID* : F002C62E09CF84
*FILENAME* : C:\Users\lenovo\Desktop\TASK_01\practice\Objects\practice.hex
*FILETIME* : 2024年03月07日, 10:48:19
*FILESIZE* : 242 (0x0000F2)
*CODESIZE* : 2114 (0x000842)
*CHECKSUM* : 0x000813CE
*ISPMODE* : 2
*ISPRESULT* : 0
--------------------
[2024-03-07 10:48:38] : End
--------------------------------------------------
[2024-03-07 10:49:21] : Begin
--------------------
*MCUTYPE* : STC89C52RC/LE52RC
*MCUID* : F002C62E09CF84
*FILENAME* : C:\Users\lenovo\Desktop\TASK_01\practice\Objects\practice.hex
*FILETIME* : 2024年03月07日, 10:49:16
*FILESIZE* : 242 (0x0000F2)
*CODESIZE* : 2114 (0x000842)
*CHECKSUM* : 0x000813CE
*ISPMODE* : 2
*ISPRESULT* : 0
--------------------
[2024-03-07 10:49:27] : End
--------------------------------------------------
[2024-03-07 10:49:46] : Begin
--------------------
*MCUTYPE* : STC89C52RC/LE52RC
*MCUID* : F002C62E09CF84
*FILENAME* : C:\Users\lenovo\Desktop\TASK_01\practice\Objects\practice.hex
*FILETIME* : 2024年03月07日, 10:49:42
*FILESIZE* : 259 (0x000103)
*CODESIZE* : 2114 (0x000842)
*CHECKSUM* : 0x000813CE
*ISPMODE* : 2
*ISPRESULT* : 0
--------------------
[2024-03-07 10:49:53] : End
--------------------------------------------------
[2024-03-07 10:50:55] : Begin
--------------------
*MCUTYPE* : STC89C52RC/LE52RC
*MCUID* : F002C62E09CF84
*FILENAME* : C:\Users\lenovo\Desktop\TASK_01\practice\Objects\practice.hex
*FILETIME* : 2024年03月07日, 10:50:52
*FILESIZE* : 242 (0x0000F2)
*CODESIZE* : 2116 (0x000844)
*CHECKSUM* : 0x00081756
*ISPMODE* : 2
*ISPRESULT* : 0
--------------------
[2024-03-07 10:51:02] : End
--------------------------------------------------
[2024-03-07 10:51:28] : Begin
--------------------
*MCUTYPE* : STC89C52RC/LE52RC
*MCUID* : F002C62E09CF84
*FILENAME* : C:\Users\lenovo\Desktop\TASK_01\practice\Objects\practice.hex
*FILETIME* : 2024年03月07日, 10:51:25
*FILESIZE* : 242 (0x0000F2)
*CODESIZE* : 2114 (0x000842)
*CHECKSUM* : 0x000813CE
*ISPMODE* : 2
*ISPRESULT* : 0
--------------------
[2024-03-07 10:51:33] : End
--------------------------------------------------
[2024-03-07 10:53:55] : Begin
--------------------
*MCUTYPE* : STC89C52RC/LE52RC
*MCUID* : F002C62E09CF84
*FILENAME* : C:\Users\lenovo\Desktop\TASK_01\practice\Objects\practice.hex
*FILETIME* : 2024年03月07日, 10:53:52
*FILESIZE* : 242 (0x0000F2)
*CODESIZE* : 2114 (0x000842)
*CHECKSUM* : 0x000813A0
*ISPMODE* : 2
*ISPRESULT* : 0
--------------------
[2024-03-07 10:54:00] : End
--------------------------------------------------
[2024-03-07 10:54:25] : Begin
--------------------
*MCUTYPE* : STC89C52RC/LE52RC
*MCUID* : F002C62E09CF84
*FILENAME* : C:\Users\lenovo\Desktop\TASK_01\practice\Objects\practice.hex
*FILETIME* : 2024年03月07日, 10:54:21
*FILESIZE* : 242 (0x0000F2)
*CODESIZE* : 2114 (0x000842)
*CHECKSUM* : 0x00081490
*ISPMODE* : 2
*ISPRESULT* : 0
--------------------
[2024-03-07 10:54:32] : End
--------------------------------------------------
[2024-03-07 11:20:26] : Begin
--------------------
*MCUTYPE* : STC89C52RC/LE52RC
*MCUID* : F002C62E09CF84
*FILENAME* : C:\Users\lenovo\Desktop\TASK_01\practice\Objects\practice.hex
*FILETIME* : 2024年03月07日, 11:20:23
*FILESIZE* : 261 (0x000105)
*CODESIZE* : 2114 (0x000842)
*CHECKSUM* : 0x00081364
*ISPMODE* : 2
*ISPRESULT* : 0
--------------------
[2024-03-07 11:20:34] : End
--------------------------------------------------
[2024-03-07 11:39:56] : Begin
--------------------
*MCUTYPE* : STC89C52RC/LE52RC
*MCUID* : F002C62E09CF84
*FILENAME* : C:\Users\lenovo\Desktop\TASK_01\practice\Objects\practice.hex
*FILETIME* : 2024年03月07日, 11:39:53
*FILESIZE* : 228 (0x0000E4)
*CODESIZE* : 2117 (0x000845)
*CHECKSUM* : 0x000814A7
*ISPMODE* : 2
*ISPRESULT* : 0
--------------------
[2024-03-07 11:40:02] : End
--------------------------------------------------
[2024-03-07 11:40:33] : Begin
--------------------
*MCUTYPE* : STC89C52RC/LE52RC
*MCUID* : F002C62E09CF84
*FILENAME* : C:\Users\lenovo\Desktop\TASK_01\practice\Objects\practice.hex
*FILETIME* : 2024年03月07日, 11:40:31
*FILESIZE* : 232 (0x0000E8)
*CODESIZE* : 2107 (0x00083B)
*CHECKSUM* : 0x0008116D
*ISPMODE* : 2
*ISPRESULT* : 0
--------------------
[2024-03-07 11:40:41] : End
--------------------------------------------------
[2024-03-07 11:41:25] : Begin
--------------------
*MCUTYPE* : STC89C52RC/LE52RC
*MCUID* : F002C62E09CF84
*FILENAME* : C:\Users\lenovo\Desktop\TASK_01\practice\Objects\practice.hex
*FILETIME* : 2024年03月07日, 11:41:22
*FILESIZE* : 214 (0x0000D6)
*CODESIZE* : 2109 (0x00083D)
*CHECKSUM* : 0x00081466
*ISPMODE* : 2
*ISPRESULT* : 0
--------------------
[2024-03-07 11:41:30] : End
--------------------------------------------------
[2024-03-07 11:41:43] : Begin
--------------------
*MCUTYPE* : STC89C52RC/LE52RC
*MCUID* : F002C62E09CF84
*FILENAME* : C:\Users\lenovo\Desktop\TASK_01\practice\Objects\practice.hex
*FILETIME* : 2024年03月07日, 11:41:40
*FILESIZE* : 214 (0x0000D6)
*CODESIZE* : 2100 (0x000834)
*CHECKSUM* : 0x000811C0
*ISPMODE* : 2
*ISPRESULT* : 0
--------------------
[2024-03-07 11:41:48] : End
--------------------------------------------------
[2024-03-07 11:42:06] : Begin
--------------------
*MCUTYPE* : STC89C52RC/LE52RC
*MCUID* : F002C62E09CF84
*FILENAME* : C:\Users\lenovo\Desktop\TASK_01\practice\Objects\practice.hex
*FILETIME* : 2024年03月07日, 11:42:03
*FILESIZE* : 220 (0x0000DC)
*CODESIZE* : 2100 (0x000834)
*CHECKSUM* : 0x0008115B
*ISPMODE* : 2
*ISPRESULT* : 0
--------------------
[2024-03-07 11:42:11] : End
--------------------------------------------------
[2024-03-07 11:43:05] : Begin
--------------------
*MCUTYPE* : STC89C52RC/LE52RC
*MCUID* : F002C62E09CF84
*FILENAME* : C:\Users\lenovo\Desktop\TASK_01\practice\Objects\practice.hex
*FILETIME* : 2024年03月07日, 11:43:01
*FILESIZE* : 220 (0x0000DC)
*CODESIZE* : 2103 (0x000837)
*CHECKSUM* : 0x000812A1
*ISPMODE* : 2
*ISPRESULT* : 0
--------------------
[2024-03-07 11:43:09] : End
--------------------------------------------------
[2024-03-07 11:43:42] : Begin
--------------------
*MCUTYPE* : STC89C52RC/LE52RC
*MCUID* : F002C62E09CF84
*FILENAME* : C:\Users\lenovo\Desktop\TASK_01\practice\Objects\practice.hex
*FILETIME* : 2024年03月07日, 11:43:39
*FILESIZE* : 220 (0x0000DC)
*CODESIZE* : 2103 (0x000837)
*CHECKSUM* : 0x00081382
*ISPMODE* : 2
*ISPRESULT* : 0
--------------------
[2024-03-07 11:43:47] : End
--------------------------------------------------
[2024-03-07 11:44:09] : Begin
--------------------
*MCUTYPE* : STC89C52RC/LE52RC
*MCUID* : F002C62E09CF84
*FILENAME* : C:\Users\lenovo\Desktop\TASK_01\practice\Objects\practice.hex
*FILETIME* : 2024年03月07日, 11:44:04
*FILESIZE* : 234 (0x0000EA)
*CODESIZE* : 2103 (0x000837)
*CHECKSUM* : 0x0008131D
*ISPMODE* : 2
*ISPRESULT* : 0
--------------------
[2024-03-07 11:44:15] : End
--------------------------------------------------
[2024-03-07 11:44:43] : Begin
--------------------
*MCUTYPE* : STC89C52RC/LE52RC
*FILENAME* : C:\Users\lenovo\Desktop\TASK_01\practice\Objects\practice.hex
*FILETIME* : 2024年03月07日, 11:44:35
*FILESIZE* : 267 (0x00010B)
*CODESIZE* : 2110 (0x00083E)
*CHECKSUM* : 0x00081381
*ISPMODE* : 2
*ISPRESULT* : 3
--------------------
[2024-03-07 11:44:50] : End
--------------------------------------------------
[2024-03-07 11:44:51] : Begin
--------------------
*MCUTYPE* : STC89C52RC/LE52RC
*MCUID* : F002C62E09CF84
*FILENAME* : C:\Users\lenovo\Desktop\TASK_01\practice\Objects\practice.hex
*FILETIME* : 2024年03月07日, 11:44:35
*FILESIZE* : 267 (0x00010B)
*CODESIZE* : 2120 (0x000848)
*CHECKSUM* : 0x000816BB
*ISPMODE* : 2
*ISPRESULT* : 0
--------------------
[2024-03-07 11:44:54] : End
--------------------------------------------------
[2024-03-07 11:45:11] : Begin
--------------------
*MCUTYPE* : STC89C52RC/LE52RC
*MCUID* : F002C62E09CF84
*FILENAME* : C:\Users\lenovo\Desktop\TASK_01\practice\Objects\practice.hex
*FILETIME* : 2024年03月07日, 11:45:08
*FILESIZE* : 234 (0x0000EA)
*CODESIZE* : 2120 (0x000848)
*CHECKSUM* : 0x000816BB
*ISPMODE* : 2
*ISPRESULT* : 0
--------------------
[2024-03-07 11:45:15] : End
--------------------------------------------------
[2024-03-07 11:45:42] : Begin
--------------------
*MCUTYPE* : STC89C52RC/LE52RC
*MCUID* : F002C62E09CF84
*FILENAME* : C:\Users\lenovo\Desktop\TASK_01\practice\Objects\practice.hex
*FILETIME* : 2024年03月07日, 11:45:39
*FILESIZE* : 261 (0x000105)
*CODESIZE* : 2110 (0x00083E)
*CHECKSUM* : 0x0008148E
*ISPMODE* : 2
*ISPRESULT* : 0
--------------------
[2024-03-07 11:45:47] : End
--------------------------------------------------
[2024-03-07 11:46:50] : Begin
--------------------
*MCUTYPE* : STC89C52RC/LE52RC
*MCUID* : F002C62E09CF84
*FILENAME* : C:\Users\lenovo\Desktop\TASK_01\practice\Objects\practice.hex
*FILETIME* : 2024年03月07日, 11:46:48
*FILESIZE* : 255 (0x0000FF)
*CODESIZE* : 2117 (0x000845)
*CHECKSUM* : 0x000815D7
*ISPMODE* : 2
*ISPRESULT* : 0
--------------------
[2024-03-07 11:46:55] : End
--------------------------------------------------
[2024-03-07 11:48:31] : Begin
--------------------
*MCUTYPE* : STC89C52RC/LE52RC
*MCUID* : F002C62E09CF84
*FILENAME* : C:\Users\lenovo\Desktop\TASK_01\practice\Objects\practice.hex
*FILETIME* : 2024年03月07日, 11:48:28
*FILESIZE* : 261 (0x000105)
*CODESIZE* : 2114 (0x000842)
*CHECKSUM* : 0x000813E6
*ISPMODE* : 2
*ISPRESULT* : 0
--------------------
[2024-03-07 11:48:36] : End
--------------------------------------------------
[2024-03-07 11:49:43] : Begin
--------------------
*MCUTYPE* : STC89C52RC/LE52RC
*MCUID* : F002C62E09CF84
*FILENAME* : C:\Users\lenovo\Desktop\TASK_01\practice\Objects\practice.hex
*FILETIME* : 2024年03月07日, 11:49:40
*FILESIZE* : 259 (0x000103)
*CODESIZE* : 2117 (0x000845)
*CHECKSUM* : 0x000814CA
*ISPMODE* : 2
*ISPRESULT* : 0
--------------------
[2024-03-07 11:49:49] : End
--------------------------------------------------
[2024-03-07 11:50:17] : Begin
--------------------
*MCUTYPE* : STC89C52RC/LE52RC
*MCUID* : F002C62E09CF84
*FILENAME* : C:\Users\lenovo\Desktop\TASK_01\practice\Objects\practice.hex
*FILETIME* : 2024年03月07日, 11:50:14
*FILESIZE* : 261 (0x000105)
*CODESIZE* : 2116 (0x000844)
*CHECKSUM* : 0x000815AF
*ISPMODE* : 2
*ISPRESULT* : 0
--------------------
[2024-03-07 11:50:22] : End
--------------------------------------------------
[2024-03-07 11:51:37] : Begin
--------------------
*MCUTYPE* : STC89C52RC/LE52RC
*MCUID* : F002C62E09CF84
*FILENAME* : C:\Users\lenovo\Desktop\TASK_01\practice\Objects\practice.hex
*FILETIME* : 2024年03月07日, 11:51:35
*FILESIZE* : 261 (0x000105)
*CODESIZE* : 2117 (0x000845)
*CHECKSUM* : 0x000814CA
*ISPMODE* : 2
*ISPRESULT* : 0
--------------------
[2024-03-07 11:51:41] : End
--------------------------------------------------
[2024-03-07 11:51:55] : Begin
--------------------
*MCUTYPE* : STC89C52RC/LE52RC
*MCUID* : F002C62E09CF84
*FILENAME* : C:\Users\lenovo\Desktop\TASK_01\practice\Objects\practice.hex
*FILETIME* : 2024年03月07日, 11:51:52
*FILESIZE* : 261 (0x000105)
*CODESIZE* : 2117 (0x000845)
*CHECKSUM* : 0x0008158D
*ISPMODE* : 2
*ISPRESULT* : 0
--------------------
[2024-03-07 11:52:00] : End
--------------------------------------------------
[2024-03-07 11:52:25] : Begin
--------------------
*MCUTYPE* : STC89C52RC/LE52RC
*MCUID* : F002C62E09CF84
*FILENAME* : C:\Users\lenovo\Desktop\TASK_01\practice\Objects\practice.hex
*FILETIME* : 2024年03月07日, 11:52:22
*FILESIZE* : 261 (0x000105)
*CODESIZE* : 2117 (0x000845)
*CHECKSUM* : 0x000815F2
*ISPMODE* : 2
*ISPRESULT* : 0
--------------------
[2024-03-07 11:52:32] : End
--------------------------------------------------
[2024-03-07 11:52:48] : Begin
--------------------
*MCUTYPE* : STC89C52RC/LE52RC
*MCUID* : F002C62E09CF84
*FILENAME* : C:\Users\lenovo\Desktop\TASK_01\practice\Objects\practice.hex
*FILETIME* : 2024年03月07日, 11:52:45
*FILESIZE* : 261 (0x000105)
*CODESIZE* : 2117 (0x000845)
*CHECKSUM* : 0x000816B5
*ISPMODE* : 2
*ISPRESULT* : 0
--------------------
[2024-03-07 11:52:52] : End
--------------------------------------------------
[2024-03-07 11:56:49] : Begin
--------------------
*MCUTYPE* : STC89C52RC/LE52RC
*MCUID* : F002C62E09CF84
*FILENAME* : C:\Users\lenovo\Desktop\TASK_01\practice\Objects\practice.hex
*FILETIME* : 2024年03月07日, 11:56:46
*FILESIZE* : 261 (0x000105)
*CODESIZE* : 2117 (0x000845)
*CHECKSUM* : 0x00081650
*ISPMODE* : 2
*ISPRESULT* : 0
--------------------
[2024-03-07 11:56:54] : End
--------------------------------------------------
[2024-03-07 11:57:11] : Begin
--------------------
*MCUTYPE* : STC89C52RC/LE52RC
*MCUID* : F002C62E09CF84
*FILENAME* : C:\Users\lenovo\Desktop\TASK_01\practice\Objects\practice.hex
*FILETIME* : 2024年03月07日, 11:57:08
*FILESIZE* : 261 (0x000105)
*CODESIZE* : 2117 (0x000845)
*CHECKSUM* : 0x00081650
*ISPMODE* : 2
*ISPRESULT* : 0
--------------------
[2024-03-07 11:57:16] : End
--------------------------------------------------
[2024-03-07 11:58:17] : Begin
--------------------
*MCUTYPE* : STC89C52RC/LE52RC
*MCUID* : F002C62E09CF84
*FILENAME* : C:\Users\lenovo\Desktop\TASK_01\practice\Objects\practice.hex
*FILETIME* : 2024年03月07日, 11:58:14
*FILESIZE* : 242 (0x0000F2)
*CODESIZE* : 2117 (0x000845)
*CHECKSUM* : 0x0008159C
*ISPMODE* : 2
*ISPRESULT* : 0
--------------------
[2024-03-07 11:58:22] : End
--------------------------------------------------
[2024-03-07 12:02:32] : Begin
--------------------
*MCUTYPE* : STC89C52RC/LE52RC
*MCUID* : F002C62E09CF84
*FILENAME* : C:\Users\lenovo\Desktop\TASK_01\practice\Objects\practice.hex
*FILETIME* : 2024年03月07日, 12:02:30
*FILESIZE* : 242 (0x0000F2)
*CODESIZE* : 2114 (0x000842)
*CHECKSUM* : 0x00081572
*ISPMODE* : 2
*ISPRESULT* : 0
--------------------
[2024-03-07 12:02:37] : End
--------------------------------------------------
[2024-03-07 12:03:12] : Begin
--------------------
*MCUTYPE* : STC89C52RC/LE52RC
*MCUID* : F002C62E09CF84
*FILENAME* : C:\Users\lenovo\Desktop\TASK_01\practice\Objects\practice.hex
*FILETIME* : 2024年03月07日, 12:03:09
*FILESIZE* : 209 (0x0000D1)
*CODESIZE* : 2114 (0x000842)
*CHECKSUM* : 0x0008166F
*ISPMODE* : 2
*ISPRESULT* : 0
--------------------
[2024-03-07 12:03:18] : End
--------------------------------------------------
[2024-03-07 12:03:35] : Begin
--------------------
*MCUTYPE* : STC89C52RC/LE52RC
*MCUID* : F002C62E09CF84
*FILENAME* : C:\Users\lenovo\Desktop\TASK_01\practice\Objects\practice.hex
*FILETIME* : 2024年03月07日, 12:03:32
*FILESIZE* : 209 (0x0000D1)
*CODESIZE* : 2104 (0x000838)
*CHECKSUM* : 0x000811EA
*ISPMODE* : 2
*ISPRESULT* : 0
--------------------
[2024-03-07 12:03:40] : End
--------------------------------------------------
[2024-03-07 12:04:18] : Begin
--------------------
*MCUTYPE* : STC89C52RC/LE52RC
*MCUID* : F002C62E09CF84
*FILENAME* : C:\Users\lenovo\Desktop\TASK_01\practice\Objects\practice.hex
*FILETIME* : 2024年03月07日, 12:04:15
*FILESIZE* : 242 (0x0000F2)
*CODESIZE* : 2104 (0x000838)
*CHECKSUM* : 0x000810ED
*ISPMODE* : 2
*ISPRESULT* : 0
--------------------
[2024-03-07 12:04:23] : End
--------------------------------------------------
[2024-03-07 12:11:13] : Begin
--------------------
*MCUTYPE* : STC89C52RC/LE52RC
*MCUID* : F002C62E09CF84
*FILENAME* : C:\Users\lenovo\Desktop\TASK_01\practice\Objects\practice.hex
*FILETIME* : 2024年03月07日, 12:11:10
*FILESIZE* : 242 (0x0000F2)
*CODESIZE* : 2114 (0x000842)
*CHECKSUM* : 0x00081572
*ISPMODE* : 2
*ISPRESULT* : 0
--------------------
[2024-03-07 12:11:18] : End
--------------------------------------------------
[2024-03-07 12:26:22] : Begin
--------------------
*MCUTYPE* : STC89C52RC/LE52RC
*MCUID* : F002C62E09CF84
*FILENAME* : C:\Users\lenovo\Desktop\TASK_01\practice\Objects\practice.hex
*FILETIME* : 2024年03月07日, 12:26:18
*FILESIZE* : 242 (0x0000F2)
*CODESIZE* : 2114 (0x000842)
*CHECKSUM* : 0x0008150D
*ISPMODE* : 2
*ISPRESULT* : 0
--------------------
[2024-03-07 12:26:27] : End
--------------------------------------------------
[2024-03-07 12:26:46] : Begin
--------------------
*MCUTYPE* : STC89C52RC/LE52RC
*MCUID* : F002C62E09CF84
*FILENAME* : C:\Users\lenovo\Desktop\TASK_01\practice\Objects\practice.hex
*FILETIME* : 2024年03月07日, 12:26:42
*FILESIZE* : 242 (0x0000F2)
*CODESIZE* : 2114 (0x000842)
*CHECKSUM* : 0x0008140F
*ISPMODE* : 2
*ISPRESULT* : 0
--------------------
[2024-03-07 12:26:51] : End
--------------------------------------------------
[2024-03-07 12:29:01] : Begin
--------------------
*MCUTYPE* : STC89C52RC/LE52RC
*MCUID* : F002C62E09CF84
*FILENAME* : C:\Users\lenovo\Desktop\TASK_01\practice\Objects\practice.hex
*FILETIME* : 2024年03月07日, 12:28:59
*FILESIZE* : 242 (0x0000F2)
*CODESIZE* : 2114 (0x000842)
*CHECKSUM* : 0x0008150C
*ISPMODE* : 2
*ISPRESULT* : 0
--------------------
[2024-03-07 12:29:06] : End
--------------------------------------------------
[2024-03-07 12:44:54] : Begin
--------------------
*MCUTYPE* : STC89C52RC/LE52RC
*MCUID* : F002C62E09CF84
*FILENAME* : C:\Users\lenovo\Desktop\TASK_01\practice\Objects\practice.hex
*FILETIME* : 2024年03月07日, 12:44:52
*FILESIZE* : 242 (0x0000F2)
*CODESIZE* : 2114 (0x000842)
*CHECKSUM* : 0x0008150D
*ISPMODE* : 2
*ISPRESULT* : 0
--------------------
[2024-03-07 12:44:58] : End
--------------------------------------------------
[2024-03-07 12:45:17] : Begin
--------------------
*MCUTYPE* : STC89C52RC/LE52RC
*MCUID* : F002C62E09CF84
*FILENAME* : C:\Users\lenovo\Desktop\TASK_01\practice\Objects\practice.hex
*FILETIME* : 2024年03月07日, 12:45:14
*FILESIZE* : 242 (0x0000F2)
*CODESIZE* : 2114 (0x000842)
*CHECKSUM* : 0x00081660
*ISPMODE* : 2
*ISPRESULT* : 0
--------------------
[2024-03-07 12:45:24] : End
--------------------------------------------------
[2024-03-07 12:46:26] : Begin
--------------------
*MCUTYPE* : STC89C52RC/LE52RC
*MCUID* : F002C62E09CF84
*FILENAME* : C:\Users\lenovo\Desktop\TASK_01\practice\Objects\practice.hex
*FILETIME* : 2024年03月07日, 12:46:24
*FILESIZE* : 242 (0x0000F2)
*CODESIZE* : 2114 (0x000842)
*CHECKSUM* : 0x000815FB
*ISPMODE* : 2
*ISPRESULT* : 0
--------------------
[2024-03-07 12:46:32] : End
--------------------------------------------------
[2024-03-07 12:47:51] : Begin
--------------------
*MCUTYPE* : STC89C52RC/LE52RC
*MCUID* : F002C62E09CF84
*FILENAME* : C:\Users\lenovo\Desktop\TASK_01\practice\Objects\practice.hex
*FILETIME* : 2024年03月07日, 12:47:48
*FILESIZE* : 242 (0x0000F2)
*CODESIZE* : 2114 (0x000842)
*CHECKSUM* : 0x000815FB
*ISPMODE* : 2
*ISPRESULT* : 0
--------------------
[2024-03-07 12:47:59] : End
--------------------------------------------------
[2024-03-07 12:48:08] : Begin
--------------------
*MCUTYPE* : STC89C52RC/LE52RC
*MCUID* : F002C62E09CF84
*FILENAME* : C:\Users\lenovo\Desktop\TASK_01\practice\Objects\practice.hex
*FILETIME* : 2024年03月07日, 12:47:48
*FILESIZE* : 242 (0x0000F2)
*CODESIZE* : 2114 (0x000842)
*CHECKSUM* : 0x0008160A
*ISPMODE* : 2
*ISPRESULT* : 0
--------------------
[2024-03-07 12:48:18] : End
--------------------------------------------------
[2024-03-07 12:48:50] : Begin
--------------------
*MCUTYPE* : STC89C52RC/LE52RC
*MCUID* : F002C62E09CF84
*FILENAME* : C:\Users\lenovo\Desktop\TASK_01\practice\Objects\practice.hex
*FILETIME* : 2024年03月07日, 12:48:47
*FILESIZE* : 242 (0x0000F2)
*CODESIZE* : 2114 (0x000842)
*CHECKSUM* : 0x0008160A
*ISPMODE* : 2
*ISPRESULT* : 0
--------------------
[2024-03-07 12:48:54] : End
--------------------------------------------------
[2024-03-07 12:49:23] : Begin
--------------------
*MCUTYPE* : STC89C52RC/LE52RC
*MCUID* : F002C62E09CF84
*FILENAME* : C:\Users\lenovo\Desktop\TASK_01\practice\Objects\practice.hex
*FILETIME* : 2024年03月07日, 12:49:20
*FILESIZE* : 195 (0x0000C3)
*CODESIZE* : 2114 (0x000842)
*CHECKSUM* : 0x000815FA
*ISPMODE* : 2
*ISPRESULT* : 0
--------------------
[2024-03-07 12:49:27] : End
--------------------------------------------------
[2024-03-07 12:49:41] : Begin
--------------------
*MCUTYPE* : STC89C52RC/LE52RC
*MCUID* : F002C62E09CF84
*FILENAME* : C:\Users\lenovo\Desktop\TASK_01\practice\Objects\practice.hex
*FILETIME* : 2024年03月07日, 12:49:38
*FILESIZE* : 195 (0x0000C3)
*CODESIZE* : 2097 (0x000831)
*CHECKSUM* : 0x00081008
*ISPMODE* : 2
*ISPRESULT* : 0
--------------------
[2024-03-07 12:49:46] : End
--------------------------------------------------
[2024-03-07 12:50:09] : Begin
--------------------
*MCUTYPE* : STC89C52RC/LE52RC
*MCUID* : F002C62E09CF84
*FILENAME* : C:\Users\lenovo\Desktop\TASK_01\practice\Objects\practice.hex
*FILETIME* : 2024年03月07日, 12:50:06
*FILESIZE* : 242 (0x0000F2)
*CODESIZE* : 2097 (0x000831)
*CHECKSUM* : 0x00081017
*ISPMODE* : 2
*ISPRESULT* : 0
--------------------
[2024-03-07 12:50:17] : End
--------------------------------------------------
[2024-03-07 12:50:56] : Begin
--------------------
*MCUTYPE* : STC89C52RC/LE52RC
*MCUID* : F002C62E09CF84
*FILENAME* : C:\Users\lenovo\Desktop\TASK_01\practice\Objects\practice.hex
*FILETIME* : 2024年03月07日, 12:50:53
*FILESIZE* : 242 (0x0000F2)
*CODESIZE* : 2114 (0x000842)
*CHECKSUM* : 0x00081609
*ISPMODE* : 2
*ISPRESULT* : 0
--------------------
[2024-03-07 12:51:02] : End
--------------------------------------------------
[2024-03-07 12:51:31] : Begin
--------------------
*MCUTYPE* : STC89C52RC/LE52RC
*MCUID* : F002C62E09CF84
*FILENAME* : C:\Users\lenovo\Desktop\TASK_01\practice\Objects\practice.hex
*FILETIME* : 2024年03月07日, 12:51:28
*FILESIZE* : 242 (0x0000F2)
*CODESIZE* : 2114 (0x000842)
*CHECKSUM* : 0x000815FA
*ISPMODE* : 2
*ISPRESULT* : 0
--------------------
[2024-03-07 12:51:36] : End
--------------------------------------------------
[2024-03-07 14:22:39] : Begin
--------------------
*MCUTYPE* : STC89C52RC/LE52RC
*MCUID* : F002C62E09CF84
*FILENAME* : C:\Users\lenovo\Desktop\TASKS_STC_89C52-RC\TASK_01_(a)\Objects\TASK_01.hex
*FILETIME* : 2024年03月07日, 14:21:50
*FILESIZE* : 242 (0x0000F2)
*CODESIZE* : 2114 (0x000842)
*CHECKSUM* : 0x000814A6
*ISPMODE* : 2
*ISPRESULT* : 0
--------------------
[2024-03-07 14:22:44] : End
--------------------------------------------------
[2024-03-07 14:23:51] : Begin
--------------------
*MCUTYPE* : STC89C52RC/LE52RC
*MCUID* : F002C62E09CF84
*FILENAME* : C:\Users\lenovo\Desktop\TASKS_STC_89C52-RC\TASK_01_(a)\Objects\TASK_01.hex
*FILETIME* : 2024年03月07日, 14:23:46
*FILESIZE* : 242 (0x0000F2)
*CODESIZE* : 2114 (0x000842)
*CHECKSUM* : 0x000814A6
*ISPMODE* : 2
*ISPRESULT* : 0
--------------------
[2024-03-07 14:23:57] : End
--------------------------------------------------
[2024-03-07 14:24:38] : Begin
--------------------
*MCUTYPE* : STC89C52RC/LE52RC
*MCUID* : F002C62E09CF84
*FILENAME* : C:\Users\lenovo\Desktop\TASKS_STC_89C52-RC\TASK_01_(a)\Objects\TASK_01.hex
*FILETIME* : 2024年03月07日, 14:24:35
*FILESIZE* : 242 (0x0000F2)
*CODESIZE* : 2114 (0x000842)
*CHECKSUM* : 0x0008150A
*ISPMODE* : 2
*ISPRESULT* : 0
--------------------
[2024-03-07 14:24:46] : End
--------------------------------------------------
[2024-03-07 14:25:24] : Begin
--------------------
*MCUTYPE* : STC89C52RC/LE52RC
*MCUID* : F002C62E09CF84
*FILENAME* : C:\Users\lenovo\Desktop\TASKS_STC_89C52-RC\TASK_01_(a)\Objects\TASK_01.hex
*FILETIME* : 2024年03月07日, 14:25:20
*FILESIZE* : 242 (0x0000F2)
*CODESIZE* : 2114 (0x000842)
*CHECKSUM* : 0x0008150B
*ISPMODE* : 2
*ISPRESULT* : 0
--------------------
[2024-03-07 14:25:29] : End
--------------------------------------------------
[2024-03-07 14:27:02] : Begin
--------------------
*MCUTYPE* : STC89C52RC/LE52RC
*MCUID* : F002C62E09CF84
*FILENAME* : C:\Users\lenovo\Desktop\TASKS_STC_89C52-RC\TASK_01_(a)\Objects\TASK_01.hex
*FILETIME* : 2024年03月07日, 14:26:59
*FILESIZE* : 242 (0x0000F2)
*CODESIZE* : 2114 (0x000842)
*CHECKSUM* : 0x0008150D
*ISPMODE* : 2
*ISPRESULT* : 0
--------------------
[2024-03-07 14:27:07] : End
--------------------------------------------------
[2024-03-07 14:27:45] : Begin
--------------------
*MCUTYPE* : STC89C52RC/LE52RC
*MCUID* : F002C62E09CF84
*FILENAME* : C:\Users\lenovo\Desktop\TASKS_STC_89C52-RC\TASK_01_(a)\Objects\TASK_01.hex
*FILETIME* : 2024年03月07日, 14:27:42
*FILESIZE* : 242 (0x0000F2)
*CODESIZE* : 2114 (0x000842)
*CHECKSUM* : 0x0008150A
*ISPMODE* : 2
*ISPRESULT* : 0
--------------------
[2024-03-07 14:27:51] : End
--------------------------------------------------
