C51 COMPILER V9.60.7.0   TASK_01__C_                                                       03/07/2024 15:33:43 PAGE 1   


C51 COMPILER V9.60.7.0, COMPILATION OF MODULE TASK_01__C_
OBJECT MODULE PLACED IN .\Objects\TASK_01_(c).obj
COMPILER INVOKED BY: C:\Keil_v5\C51\BIN\C51.EXE TASK_01_(c).c OPTIMIZE(8,SPEED) BROWSE DEBUG OBJECTEXTEND PRINT(.\Listin
                    -gs\TASK_01_(c).lst) TABS(2) OBJECT(.\Objects\TASK_01_(c).obj)

line level    source

   1          #include <reg52.h>
   2          
   3          #define LED_PORT P2
   4          #define BIT0 0xFF 
   5          #define BIT1 0x02 
   6          #define BIT2 0x04 
   7          #define BIT3 0x08 
   8          #define BIT4 0x10 
   9          #define BIT5 0x20 
  10          #define BIT6 0xFE 
  11          //#define BIT7 0xFF 
  12          
  13          void msdelay(signed int);
  14          
  15          void main(void) {
  16   1          while(1) 
  17   1            {
  18   2              LED_PORT = BIT0;
  19   2              msdelay(505);
  20   2              LED_PORT = BIT0 & BIT6;
  21   2              msdelay(505);
  22   2            }
  23   1      }
  24          
  25          void msdelay(signed int X) {
  26   1          unsigned int i, j;
  27   1          for (i = 0; i < X; i++)
  28   1              for (j = 0; j < 113; j++);  // Adjust this value for your specific delay requirement
  29   1      }
  30          


MODULE INFORMATION:   STATIC OVERLAYABLE
   CODE SIZE        =     54    ----
   CONSTANT SIZE    =   ----    ----
   XDATA SIZE       =   ----    ----
   PDATA SIZE       =   ----    ----
   DATA SIZE        =   ----    ----
   IDATA SIZE       =   ----    ----
   BIT SIZE         =   ----    ----
END OF MODULE INFORMATION.


C51 COMPILATION COMPLETE.  0 WARNING(S),  0 ERROR(S)
