C51 COMPILER V9.60.7.0   MAIN                                                              09/23/2024 10:36:06 PAGE 1   


C51 COMPILER V9.60.7.0, COMPILATION OF MODULE MAIN
OBJECT MODULE PLACED IN .\Objects\main.obj
COMPILER INVOKED BY: C:\Keil_v5\C51\BIN\C51.EXE main.c OPTIMIZE(8,SPEED) BROWSE DEBUG OBJECTEXTEND PRINT(.\Listings\main
                    -.lst) TABS(2) OBJECT(.\Objects\main.obj)

line level    source

   1          /*
   2          write a C program for 8051 to transfer the letter "C" serially at 
   3          9600 baud continuously. Use 8-bit data and 1 stop bit.
   4          */
   5          
   6          
   7          
   8          #include <reg51.h>
   9          
  10          void delay(){
  11   1        unsigned int i;
  12   1        for(i=0; i<=70; i++);
  13   1      }
  14          
  15          void main(void) {
  16   1          TMOD = 0x20; // Timer1 in mode 2, 8-bit auto-reload
  17   1          TH1 = 0xFD;  // Load TH1 to set baud rate to 9600 (11.0592 MHz clock)
  18   1          SCON = 0x50; // 8-bit data, 1 stop bit, REN enabled
  19   1          TR1 = 1;     // Start Timer 1
  20   1          
  21   1          while (1) {
  22   2              SBUF = "C\n\r"; // Load 'A' into serial buffer
*** WARNING C260 IN LINE 22 OF main.c: '=': pointer truncation
  23   2              while (TI == 0); // Wait for transmission to complete
  24   2              TI = 0; // Clear the transmit interrupt flag
  25   2              delay();
  26   2          }
  27   1      }


MODULE INFORMATION:   STATIC OVERLAYABLE
   CODE SIZE        =     39    ----
   CONSTANT SIZE    =      4    ----
   XDATA SIZE       =   ----    ----
   PDATA SIZE       =   ----    ----
   DATA SIZE        =   ----    ----
   IDATA SIZE       =   ----    ----
   BIT SIZE         =   ----    ----
END OF MODULE INFORMATION.


C51 COMPILATION COMPLETE.  1 WARNING(S),  0 ERROR(S)
